#
# There is insufficient memory for the Java Runtime Environment to continue.
# Native memory allocation (malloc) failed to allocate 142416 bytes for Chunk::new
# Possible reasons:
#   The system is out of physical RAM or swap space
#   The process is running with CompressedOops enabled, and the Java Heap may be blocking the growth of the native heap
# Possible solutions:
#   Reduce memory load on the system
#   Increase physical memory or swap space
#   Check if swap backing store is full
#   Decrease Java heap size (-Xmx/-Xms)
#   Decrease number of Java threads
#   Decrease Java thread stack sizes (-Xss)
#   Set larger code cache with -XX:ReservedCodeCacheSize=
#   JVM is running with Zero Based Compressed Oops mode in which the Java heap is
#     placed in the first 32GB address space. The Java Heap base address is the
#     maximum limit for the native heap growth. Please use -XX:HeapBaseMinAddress
#     to set the Java Heap base and to place the Java Heap above 32GB virtual address.
# This output file may be truncated or incomplete.
#
#  Out of Memory Error (arena.cpp:168), pid=25084, tid=25096
#
# JRE version: Java(TM) SE Runtime Environment (21.0.2+13) (build 21.0.2+13-LTS-58)
# Java VM: Java HotSpot(TM) 64-Bit Server VM (21.0.2+13-LTS-58, mixed mode, sharing, tiered, compressed oops, compressed class ptrs, g1 gc, windows-amd64)
# No core dump will be written. Minidumps are not enabled by default on client versions of Windows
#

---------------  S U M M A R Y ------------

Command Line: -Dfile.encoding=UTF-8 --module-path=C:\Users\Adithya Abeysekara\Documents\NetBeansProjects\Thalathuoya Guest House\build\classes thalathuoya.guest.house.Employee

Host: Intel(R) Core(TM) i5-7200U CPU @ 2.50GHz, 4 cores, 11G,  Windows 11 , 64 bit Build 22621 (10.0.22621.3374)
Time: Tue Jun 11 21:47:03 2024 Sri Lanka Standard Time elapsed time: 0.132853 seconds (0d 0h 0m 0s)

---------------  T H R E A D  ---------------

Current thread (0x000001e905e3a480):  JavaThread "C2 CompilerThread0" daemon [_thread_in_native, id=25096, stack(0x0000007eb7100000,0x0000007eb7200000) (1024K)]


Current CompileTask:
C2:    132  165       4       java.util.HashMap::putVal (300 bytes)

Stack: [0x0000007eb7100000,0x0000007eb7200000]
Native frames: (J=compiled Java code, j=interpreted, Vv=VM code, C=native code)
V  [jvm.dll+0x6cade9]
V  [jvm.dll+0x8569c1]
V  [jvm.dll+0x858d2e]
V  [jvm.dll+0x859413]
V  [jvm.dll+0x280e56]
V  [jvm.dll+0xc3f3d]
V  [jvm.dll+0xc4473]
V  [jvm.dll+0x3b5bf2]
V  [jvm.dll+0x382855]
V  [jvm.dll+0x381cca]
V  [jvm.dll+0x249bd0]
V  [jvm.dll+0x2491b1]
V  [jvm.dll+0x1c9634]
V  [jvm.dll+0x258859]
V  [jvm.dll+0x256e3a]
V  [jvm.dll+0x3ef6c6]
V  [jvm.dll+0x7ff568]
V  [jvm.dll+0x6c953d]
C  [ucrtbase.dll+0x29333]
C  [KERNEL32.DLL+0x1257d]
C  [ntdll.dll+0x5aa48]


---------------  P R O C E S S  ---------------

Threads class SMR info:
_java_thread_list=0x000001e94b0f44c0, length=12, elements={
0x000001e96666d370, 0x000001e905e2c5c0, 0x000001e905e2d0f0, 0x000001e905e30560,
0x000001e905e30dd0, 0x000001e905e33450, 0x000001e905e37ad0, 0x000001e905e3a480,
0x000001e905e43150, 0x000001e905dfb7b0, 0x000001e94b12b8e0, 0x000001e94b1c39e0
}

Java Threads: ( => current thread )
  0x000001e96666d370 JavaThread "main"                              [_thread_in_vm, id=21996, stack(0x0000007eb6300000,0x0000007eb6400000) (1024K)]
  0x000001e905e2c5c0 JavaThread "Reference Handler"          daemon [_thread_blocked, id=24848, stack(0x0000007eb6b00000,0x0000007eb6c00000) (1024K)]
  0x000001e905e2d0f0 JavaThread "Finalizer"                  daemon [_thread_blocked, id=10316, stack(0x0000007eb6c00000,0x0000007eb6d00000) (1024K)]
  0x000001e905e30560 JavaThread "Signal Dispatcher"          daemon [_thread_blocked, id=24640, stack(0x0000007eb6d00000,0x0000007eb6e00000) (1024K)]
  0x000001e905e30dd0 JavaThread "Attach Listener"            daemon [_thread_blocked, id=23048, stack(0x0000007eb6e00000,0x0000007eb6f00000) (1024K)]
  0x000001e905e33450 JavaThread "Service Thread"             daemon [_thread_blocked, id=15972, stack(0x0000007eb6f00000,0x0000007eb7000000) (1024K)]
  0x000001e905e37ad0 JavaThread "Monitor Deflation Thread"   daemon [_thread_blocked, id=23784, stack(0x0000007eb7000000,0x0000007eb7100000) (1024K)]
=>0x000001e905e3a480 JavaThread "C2 CompilerThread0"         daemon [_thread_in_native, id=25096, stack(0x0000007eb7100000,0x0000007eb7200000) (1024K)]
  0x000001e905e43150 JavaThread "C1 CompilerThread0"         daemon [_thread_in_native, id=13492, stack(0x0000007eb7200000,0x0000007eb7300000) (1024K)]
  0x000001e905dfb7b0 JavaThread "Common-Cleaner"             daemon [_thread_blocked, id=23128, stack(0x0000007eb7300000,0x0000007eb7400000) (1024K)]
  0x000001e94b12b8e0 JavaThread "Notification Thread"        daemon [_thread_blocked, id=16288, stack(0x0000007eb7400000,0x0000007eb7500000) (1024K)]
  0x000001e94b1c39e0 JavaThread "C2 CompilerThread1"         daemon [_thread_in_native, id=25164, stack(0x0000007eb7500000,0x0000007eb7600000) (1024K)]
Total: 12

Other Threads:
  0x000001e905e10ab0 VMThread "VM Thread"                           [id=15224, stack(0x0000007eb6a00000,0x0000007eb6b00000) (1024K)]
  0x000001e905df9f50 WatcherThread "VM Periodic Task Thread"        [id=24964, stack(0x0000007eb6900000,0x0000007eb6a00000) (1024K)]
  0x000001e9688ca180 WorkerThread "GC Thread#0"                     [id=15448, stack(0x0000007eb6400000,0x0000007eb6500000) (1024K)]
  0x000001e9688d71d0 ConcurrentGCThread "G1 Main Marker"            [id=21848, stack(0x0000007eb6500000,0x0000007eb6600000) (1024K)]
  0x000001e9688d7cd0 WorkerThread "G1 Conc#0"                       [id=21232, stack(0x0000007eb6600000,0x0000007eb6700000) (1024K)]
  0x000001e905cd10a0 ConcurrentGCThread "G1 Refine#0"               [id=22556, stack(0x0000007eb6700000,0x0000007eb6800000) (1024K)]
  0x000001e905cd1820 ConcurrentGCThread "G1 Service"                [id=23776, stack(0x0000007eb6800000,0x0000007eb6900000) (1024K)]
Total: 7

Threads with active compile tasks:
C2 CompilerThread0      221  165       4       java.util.HashMap::putVal (300 bytes)
C1 CompilerThread0      221  202   !   3       java.util.zip.ZipFile$Source::checkAndAddEntry (295 bytes)
C2 CompilerThread1      221  169       4       java.lang.StringLatin1::equals (36 bytes)
Total: 3

VM state: not at safepoint (normal execution)

VM Mutex/Monitor currently owned by a thread:  ([mutex/lock_event])
[0x00007ff8df79ace8] Metaspace_lock - owner thread: 0x000001e96666d370

Heap address: 0x0000000741400000, size: 3052 MB, Compressed Oops mode: Zero based, Oop shift amount: 3

CDS archive(s) mapped at: [0x000001e906000000-0x000001e906c90000-0x000001e906c90000), size 13172736, SharedBaseAddress: 0x000001e906000000, ArchiveRelocationMode: 1.
Compressed class space mapped at: 0x000001e907000000-0x000001e947000000, reserved size: 1073741824
Narrow klass base: 0x000001e906000000, Narrow klass shift: 0, Narrow klass range: 0x100000000

GC Precious Log:
 CardTable entry size: 512
 Card Set container configuration: InlinePtr #cards 4 size 8 Array Of Cards #cards 16 size 48 Howl #buckets 8 coarsen threshold 3686 Howl Bitmap #cards 512 size 80 coarsen threshold 460 Card regions per heap region 1 cards per card region 4096
 CPUs: 4 total, 4 available
 Memory: 12205M
 Large Page Support: Disabled
 NUMA Support: Disabled
 Compressed Oops: Enabled (Zero based)
 Heap Region Size: 2M
 Heap Min Capacity: 8M
 Heap Initial Capacity: 192M
 Heap Max Capacity: 3052M
 Pre-touch: Disabled
 Parallel Workers: 4
 Concurrent Workers: 1
 Concurrent Refinement Workers: 4
 Periodic GC: Disabled

Heap:
 garbage-first heap   total 196608K, used 2048K [0x0000000741400000, 0x0000000800000000)
  region size 2048K, 2 young (4096K), 0 survivors (0K)
 Metaspace       used 345K, committed 512K, reserved 1114112K
  class space    used 22K, committed 128K, reserved 1048576K

Heap Regions: E=young(eden), S=young(survivor), O=old, HS=humongous(starts), HC=humongous(continues), CS=collection set, F=free, TAMS=top-at-mark-start, PB=parsable bottom
|   0|0x0000000741400000, 0x0000000741400000, 0x0000000741600000|  0%| F|  |TAMS 0x0000000741400000| PB 0x0000000741400000| Untracked 
|   1|0x0000000741600000, 0x0000000741600000, 0x0000000741800000|  0%| F|  |TAMS 0x0000000741600000| PB 0x0000000741600000| Untracked 
|   2|0x0000000741800000, 0x0000000741800000, 0x0000000741a00000|  0%| F|  |TAMS 0x0000000741800000| PB 0x0000000741800000| Untracked 
|   3|0x0000000741a00000, 0x0000000741a00000, 0x0000000741c00000|  0%| F|  |TAMS 0x0000000741a00000| PB 0x0000000741a00000| Untracked 
|   4|0x0000000741c00000, 0x0000000741c00000, 0x0000000741e00000|  0%| F|  |TAMS 0x0000000741c00000| PB 0x0000000741c00000| Untracked 
|   5|0x0000000741e00000, 0x0000000741e00000, 0x0000000742000000|  0%| F|  |TAMS 0x0000000741e00000| PB 0x0000000741e00000| Untracked 
|   6|0x0000000742000000, 0x0000000742000000, 0x0000000742200000|  0%| F|  |TAMS 0x0000000742000000| PB 0x0000000742000000| Untracked 
|   7|0x0000000742200000, 0x0000000742200000, 0x0000000742400000|  0%| F|  |TAMS 0x0000000742200000| PB 0x0000000742200000| Untracked 
|   8|0x0000000742400000, 0x0000000742400000, 0x0000000742600000|  0%| F|  |TAMS 0x0000000742400000| PB 0x0000000742400000| Untracked 
|   9|0x0000000742600000, 0x0000000742600000, 0x0000000742800000|  0%| F|  |TAMS 0x0000000742600000| PB 0x0000000742600000| Untracked 
|  10|0x0000000742800000, 0x0000000742800000, 0x0000000742a00000|  0%| F|  |TAMS 0x0000000742800000| PB 0x0000000742800000| Untracked 
|  11|0x0000000742a00000, 0x0000000742a00000, 0x0000000742c00000|  0%| F|  |TAMS 0x0000000742a00000| PB 0x0000000742a00000| Untracked 
|  12|0x0000000742c00000, 0x0000000742c00000, 0x0000000742e00000|  0%| F|  |TAMS 0x0000000742c00000| PB 0x0000000742c00000| Untracked 
|  13|0x0000000742e00000, 0x0000000742e00000, 0x0000000743000000|  0%| F|  |TAMS 0x0000000742e00000| PB 0x0000000742e00000| Untracked 
|  14|0x0000000743000000, 0x0000000743000000, 0x0000000743200000|  0%| F|  |TAMS 0x0000000743000000| PB 0x0000000743000000| Untracked 
|  15|0x0000000743200000, 0x0000000743200000, 0x0000000743400000|  0%| F|  |TAMS 0x0000000743200000| PB 0x0000000743200000| Untracked 
|  16|0x0000000743400000, 0x0000000743400000, 0x0000000743600000|  0%| F|  |TAMS 0x0000000743400000| PB 0x0000000743400000| Untracked 
|  17|0x0000000743600000, 0x0000000743600000, 0x0000000743800000|  0%| F|  |TAMS 0x0000000743600000| PB 0x0000000743600000| Untracked 
|  18|0x0000000743800000, 0x0000000743800000, 0x0000000743a00000|  0%| F|  |TAMS 0x0000000743800000| PB 0x0000000743800000| Untracked 
|  19|0x0000000743a00000, 0x0000000743a00000, 0x0000000743c00000|  0%| F|  |TAMS 0x0000000743a00000| PB 0x0000000743a00000| Untracked 
|  20|0x0000000743c00000, 0x0000000743c00000, 0x0000000743e00000|  0%| F|  |TAMS 0x0000000743c00000| PB 0x0000000743c00000| Untracked 
|  21|0x0000000743e00000, 0x0000000743e00000, 0x0000000744000000|  0%| F|  |TAMS 0x0000000743e00000| PB 0x0000000743e00000| Untracked 
|  22|0x0000000744000000, 0x0000000744000000, 0x0000000744200000|  0%| F|  |TAMS 0x0000000744000000| PB 0x0000000744000000| Untracked 
|  23|0x0000000744200000, 0x0000000744200000, 0x0000000744400000|  0%| F|  |TAMS 0x0000000744200000| PB 0x0000000744200000| Untracked 
|  24|0x0000000744400000, 0x0000000744400000, 0x0000000744600000|  0%| F|  |TAMS 0x0000000744400000| PB 0x0000000744400000| Untracked 
|  25|0x0000000744600000, 0x0000000744600000, 0x0000000744800000|  0%| F|  |TAMS 0x0000000744600000| PB 0x0000000744600000| Untracked 
|  26|0x0000000744800000, 0x0000000744800000, 0x0000000744a00000|  0%| F|  |TAMS 0x0000000744800000| PB 0x0000000744800000| Untracked 
|  27|0x0000000744a00000, 0x0000000744a00000, 0x0000000744c00000|  0%| F|  |TAMS 0x0000000744a00000| PB 0x0000000744a00000| Untracked 
|  28|0x0000000744c00000, 0x0000000744c00000, 0x0000000744e00000|  0%| F|  |TAMS 0x0000000744c00000| PB 0x0000000744c00000| Untracked 
|  29|0x0000000744e00000, 0x0000000744e00000, 0x0000000745000000|  0%| F|  |TAMS 0x0000000744e00000| PB 0x0000000744e00000| Untracked 
|  30|0x0000000745000000, 0x0000000745000000, 0x0000000745200000|  0%| F|  |TAMS 0x0000000745000000| PB 0x0000000745000000| Untracked 
|  31|0x0000000745200000, 0x0000000745200000, 0x0000000745400000|  0%| F|  |TAMS 0x0000000745200000| PB 0x0000000745200000| Untracked 
|  32|0x0000000745400000, 0x0000000745400000, 0x0000000745600000|  0%| F|  |TAMS 0x0000000745400000| PB 0x0000000745400000| Untracked 
|  33|0x0000000745600000, 0x0000000745600000, 0x0000000745800000|  0%| F|  |TAMS 0x0000000745600000| PB 0x0000000745600000| Untracked 
|  34|0x0000000745800000, 0x0000000745800000, 0x0000000745a00000|  0%| F|  |TAMS 0x0000000745800000| PB 0x0000000745800000| Untracked 
|  35|0x0000000745a00000, 0x0000000745a00000, 0x0000000745c00000|  0%| F|  |TAMS 0x0000000745a00000| PB 0x0000000745a00000| Untracked 
|  36|0x0000000745c00000, 0x0000000745c00000, 0x0000000745e00000|  0%| F|  |TAMS 0x0000000745c00000| PB 0x0000000745c00000| Untracked 
|  37|0x0000000745e00000, 0x0000000745e00000, 0x0000000746000000|  0%| F|  |TAMS 0x0000000745e00000| PB 0x0000000745e00000| Untracked 
|  38|0x0000000746000000, 0x0000000746000000, 0x0000000746200000|  0%| F|  |TAMS 0x0000000746000000| PB 0x0000000746000000| Untracked 
|  39|0x0000000746200000, 0x0000000746200000, 0x0000000746400000|  0%| F|  |TAMS 0x0000000746200000| PB 0x0000000746200000| Untracked 
|  40|0x0000000746400000, 0x0000000746400000, 0x0000000746600000|  0%| F|  |TAMS 0x0000000746400000| PB 0x0000000746400000| Untracked 
|  41|0x0000000746600000, 0x0000000746600000, 0x0000000746800000|  0%| F|  |TAMS 0x0000000746600000| PB 0x0000000746600000| Untracked 
|  42|0x0000000746800000, 0x0000000746800000, 0x0000000746a00000|  0%| F|  |TAMS 0x0000000746800000| PB 0x0000000746800000| Untracked 
|  43|0x0000000746a00000, 0x0000000746a00000, 0x0000000746c00000|  0%| F|  |TAMS 0x0000000746a00000| PB 0x0000000746a00000| Untracked 
|  44|0x0000000746c00000, 0x0000000746c00000, 0x0000000746e00000|  0%| F|  |TAMS 0x0000000746c00000| PB 0x0000000746c00000| Untracked 
|  45|0x0000000746e00000, 0x0000000746e00000, 0x0000000747000000|  0%| F|  |TAMS 0x0000000746e00000| PB 0x0000000746e00000| Untracked 
|  46|0x0000000747000000, 0x0000000747000000, 0x0000000747200000|  0%| F|  |TAMS 0x0000000747000000| PB 0x0000000747000000| Untracked 
|  47|0x0000000747200000, 0x0000000747200000, 0x0000000747400000|  0%| F|  |TAMS 0x0000000747200000| PB 0x0000000747200000| Untracked 
|  48|0x0000000747400000, 0x0000000747400000, 0x0000000747600000|  0%| F|  |TAMS 0x0000000747400000| PB 0x0000000747400000| Untracked 
|  49|0x0000000747600000, 0x0000000747600000, 0x0000000747800000|  0%| F|  |TAMS 0x0000000747600000| PB 0x0000000747600000| Untracked 
|  50|0x0000000747800000, 0x0000000747800000, 0x0000000747a00000|  0%| F|  |TAMS 0x0000000747800000| PB 0x0000000747800000| Untracked 
|  51|0x0000000747a00000, 0x0000000747a00000, 0x0000000747c00000|  0%| F|  |TAMS 0x0000000747a00000| PB 0x0000000747a00000| Untracked 
|  52|0x0000000747c00000, 0x0000000747c00000, 0x0000000747e00000|  0%| F|  |TAMS 0x0000000747c00000| PB 0x0000000747c00000| Untracked 
|  53|0x0000000747e00000, 0x0000000747e00000, 0x0000000748000000|  0%| F|  |TAMS 0x0000000747e00000| PB 0x0000000747e00000| Untracked 
|  54|0x0000000748000000, 0x0000000748000000, 0x0000000748200000|  0%| F|  |TAMS 0x0000000748000000| PB 0x0000000748000000| Untracked 
|  55|0x0000000748200000, 0x0000000748200000, 0x0000000748400000|  0%| F|  |TAMS 0x0000000748200000| PB 0x0000000748200000| Untracked 
|  56|0x0000000748400000, 0x0000000748400000, 0x0000000748600000|  0%| F|  |TAMS 0x0000000748400000| PB 0x0000000748400000| Untracked 
|  57|0x0000000748600000, 0x0000000748600000, 0x0000000748800000|  0%| F|  |TAMS 0x0000000748600000| PB 0x0000000748600000| Untracked 
|  58|0x0000000748800000, 0x0000000748800000, 0x0000000748a00000|  0%| F|  |TAMS 0x0000000748800000| PB 0x0000000748800000| Untracked 
|  59|0x0000000748a00000, 0x0000000748a00000, 0x0000000748c00000|  0%| F|  |TAMS 0x0000000748a00000| PB 0x0000000748a00000| Untracked 
|  60|0x0000000748c00000, 0x0000000748c00000, 0x0000000748e00000|  0%| F|  |TAMS 0x0000000748c00000| PB 0x0000000748c00000| Untracked 
|  61|0x0000000748e00000, 0x0000000748e00000, 0x0000000749000000|  0%| F|  |TAMS 0x0000000748e00000| PB 0x0000000748e00000| Untracked 
|  62|0x0000000749000000, 0x0000000749000000, 0x0000000749200000|  0%| F|  |TAMS 0x0000000749000000| PB 0x0000000749000000| Untracked 
|  63|0x0000000749200000, 0x0000000749200000, 0x0000000749400000|  0%| F|  |TAMS 0x0000000749200000| PB 0x0000000749200000| Untracked 
|  64|0x0000000749400000, 0x0000000749400000, 0x0000000749600000|  0%| F|  |TAMS 0x0000000749400000| PB 0x0000000749400000| Untracked 
|  65|0x0000000749600000, 0x0000000749600000, 0x0000000749800000|  0%| F|  |TAMS 0x0000000749600000| PB 0x0000000749600000| Untracked 
|  66|0x0000000749800000, 0x0000000749800000, 0x0000000749a00000|  0%| F|  |TAMS 0x0000000749800000| PB 0x0000000749800000| Untracked 
|  67|0x0000000749a00000, 0x0000000749a00000, 0x0000000749c00000|  0%| F|  |TAMS 0x0000000749a00000| PB 0x0000000749a00000| Untracked 
|  68|0x0000000749c00000, 0x0000000749c00000, 0x0000000749e00000|  0%| F|  |TAMS 0x0000000749c00000| PB 0x0000000749c00000| Untracked 
|  69|0x0000000749e00000, 0x0000000749e00000, 0x000000074a000000|  0%| F|  |TAMS 0x0000000749e00000| PB 0x0000000749e00000| Untracked 
|  70|0x000000074a000000, 0x000000074a000000, 0x000000074a200000|  0%| F|  |TAMS 0x000000074a000000| PB 0x000000074a000000| Untracked 
|  71|0x000000074a200000, 0x000000074a200000, 0x000000074a400000|  0%| F|  |TAMS 0x000000074a200000| PB 0x000000074a200000| Untracked 
|  72|0x000000074a400000, 0x000000074a400000, 0x000000074a600000|  0%| F|  |TAMS 0x000000074a400000| PB 0x000000074a400000| Untracked 
|  73|0x000000074a600000, 0x000000074a600000, 0x000000074a800000|  0%| F|  |TAMS 0x000000074a600000| PB 0x000000074a600000| Untracked 
|  74|0x000000074a800000, 0x000000074a800000, 0x000000074aa00000|  0%| F|  |TAMS 0x000000074a800000| PB 0x000000074a800000| Untracked 
|  75|0x000000074aa00000, 0x000000074aa00000, 0x000000074ac00000|  0%| F|  |TAMS 0x000000074aa00000| PB 0x000000074aa00000| Untracked 
|  76|0x000000074ac00000, 0x000000074ac00000, 0x000000074ae00000|  0%| F|  |TAMS 0x000000074ac00000| PB 0x000000074ac00000| Untracked 
|  77|0x000000074ae00000, 0x000000074ae00000, 0x000000074b000000|  0%| F|  |TAMS 0x000000074ae00000| PB 0x000000074ae00000| Untracked 
|  78|0x000000074b000000, 0x000000074b000000, 0x000000074b200000|  0%| F|  |TAMS 0x000000074b000000| PB 0x000000074b000000| Untracked 
|  79|0x000000074b200000, 0x000000074b200000, 0x000000074b400000|  0%| F|  |TAMS 0x000000074b200000| PB 0x000000074b200000| Untracked 
|  80|0x000000074b400000, 0x000000074b400000, 0x000000074b600000|  0%| F|  |TAMS 0x000000074b400000| PB 0x000000074b400000| Untracked 
|  81|0x000000074b600000, 0x000000074b600000, 0x000000074b800000|  0%| F|  |TAMS 0x000000074b600000| PB 0x000000074b600000| Untracked 
|  82|0x000000074b800000, 0x000000074b800000, 0x000000074ba00000|  0%| F|  |TAMS 0x000000074b800000| PB 0x000000074b800000| Untracked 
|  83|0x000000074ba00000, 0x000000074ba00000, 0x000000074bc00000|  0%| F|  |TAMS 0x000000074ba00000| PB 0x000000074ba00000| Untracked 
|  84|0x000000074bc00000, 0x000000074bc00000, 0x000000074be00000|  0%| F|  |TAMS 0x000000074bc00000| PB 0x000000074bc00000| Untracked 
|  85|0x000000074be00000, 0x000000074be00000, 0x000000074c000000|  0%| F|  |TAMS 0x000000074be00000| PB 0x000000074be00000| Untracked 
|  86|0x000000074c000000, 0x000000074c000000, 0x000000074c200000|  0%| F|  |TAMS 0x000000074c000000| PB 0x000000074c000000| Untracked 
|  87|0x000000074c200000, 0x000000074c200000, 0x000000074c400000|  0%| F|  |TAMS 0x000000074c200000| PB 0x000000074c200000| Untracked 
|  88|0x000000074c400000, 0x000000074c400000, 0x000000074c600000|  0%| F|  |TAMS 0x000000074c400000| PB 0x000000074c400000| Untracked 
|  89|0x000000074c600000, 0x000000074c600000, 0x000000074c800000|  0%| F|  |TAMS 0x000000074c600000| PB 0x000000074c600000| Untracked 
|  90|0x000000074c800000, 0x000000074c800000, 0x000000074ca00000|  0%| F|  |TAMS 0x000000074c800000| PB 0x000000074c800000| Untracked 
|  91|0x000000074ca00000, 0x000000074ca00000, 0x000000074cc00000|  0%| F|  |TAMS 0x000000074ca00000| PB 0x000000074ca00000| Untracked 
|  92|0x000000074cc00000, 0x000000074cc00000, 0x000000074ce00000|  0%| F|  |TAMS 0x000000074cc00000| PB 0x000000074cc00000| Untracked 
|  93|0x000000074ce00000, 0x000000074ce00000, 0x000000074d000000|  0%| F|  |TAMS 0x000000074ce00000| PB 0x000000074ce00000| Untracked 
|  94|0x000000074d000000, 0x000000074d07b660, 0x000000074d200000| 24%| E|  |TAMS 0x000000074d000000| PB 0x000000074d000000| Complete 
|  95|0x000000074d200000, 0x000000074d400000, 0x000000074d400000|100%| E|CS|TAMS 0x000000074d200000| PB 0x000000074d200000| Complete 

Card table byte_map: [0x000001e900600000,0x000001e900c00000] _byte_map_base: 0x000001e8fcbf6000

Marking Bits: (CMBitMap*) 0x000001e9688ca880
 Bits: [0x000001e900c00000, 0x000001e903bb0000)

Polling page: 0x000001e9667d0000

Metaspace:

Usage:
  Non-class:    322.20 KB used.
      Class:     22.85 KB used.
       Both:    345.05 KB used.

Virtual space:
  Non-class space:       64.00 MB reserved,     384.00 KB ( <1%) committed,  1 nodes.
      Class space:        1.00 GB reserved,     128.00 KB ( <1%) committed,  1 nodes.
             Both:        1.06 GB reserved,     512.00 KB ( <1%) committed. 

Chunk freelists:
   Non-Class:  12.00 MB
       Class:  15.75 MB
        Both:  27.74 MB

MaxMetaspaceSize: unlimited
CompressedClassSpaceSize: 1.00 GB
Initial GC threshold: 21.00 MB
Current GC threshold: 21.00 MB
CDS: on
 - commit_granule_bytes: 65536.
 - commit_granule_words: 8192.
 - virtual_space_node_default_size: 8388608.
 - enlarge_chunks_in_place: 1.
 - use_allocation_guard: 0.


Internal statistics:

num_allocs_failed_limit: 0.
num_arena_births: 6.
num_arena_deaths: 0.
num_vsnodes_births: 2.
num_vsnodes_deaths: 0.
num_space_committed: 8.
num_space_uncommitted: 0.
num_chunks_returned_to_freelist: 0.
num_chunks_taken_from_freelist: 7.
num_chunk_merges: 0.
num_chunk_splits: 5.
num_chunks_enlarged: 2.
num_inconsistent_stats: 0.

CodeHeap 'non-profiled nmethods': size=120000Kb used=60Kb max_used=60Kb free=119939Kb
 bounds [0x000001e9787b0000, 0x000001e978a20000, 0x000001e97fce0000]
CodeHeap 'profiled nmethods': size=120000Kb used=204Kb max_used=204Kb free=119795Kb
 bounds [0x000001e970ce0000, 0x000001e970f50000, 0x000001e978210000]
CodeHeap 'non-nmethods': size=5760Kb used=1265Kb max_used=1272Kb free=4494Kb
 bounds [0x000001e978210000, 0x000001e978480000, 0x000001e9787b0000]
 total_blobs=583 nmethods=198 adapters=290
 compilation: enabled
              stopped_count=0, restarted_count=0
 full_count=0

Compilation events (20 events):
Event: 0.126 Thread 0x000001e905e43150 nmethod 185 0x000001e970d0f310 code [0x000001e970d0f4c0, 0x000001e970d0f690]
Event: 0.126 Thread 0x000001e905e43150  187       3       java.util.HashMap::isEmpty (13 bytes)
Event: 0.127 Thread 0x000001e905e43150 nmethod 187 0x000001e970d0f790 code [0x000001e970d0f920, 0x000001e970d0fa88]
Event: 0.127 Thread 0x000001e905e43150  189       1       java.lang.module.ResolvedModule::configuration (5 bytes)
Event: 0.127 Thread 0x000001e905e43150 nmethod 189 0x000001e9787be310 code [0x000001e9787be4a0, 0x000001e9787be570]
Event: 0.127 Thread 0x000001e905e43150  188       1       java.lang.module.ModuleDescriptor::isOpen (5 bytes)
Event: 0.127 Thread 0x000001e905e43150 nmethod 188 0x000001e9787be610 code [0x000001e9787be7a0, 0x000001e9787be870]
Event: 0.127 Thread 0x000001e905e43150  190       1       java.util.HashMap::size (5 bytes)
Event: 0.127 Thread 0x000001e905e43150 nmethod 190 0x000001e9787be910 code [0x000001e9787beaa0, 0x000001e9787beb68]
Event: 0.129 Thread 0x000001e905e43150  191       3       java.lang.StringBuilder::append (8 bytes)
Event: 0.130 Thread 0x000001e905e43150 nmethod 191 0x000001e970d0fb10 code [0x000001e970d0fcc0, 0x000001e970d0fe10]
Event: 0.130 Thread 0x000001e905e43150  192       3       java.lang.AbstractStringBuilder::append (77 bytes)
Event: 0.130 Thread 0x000001e905e43150 nmethod 192 0x000001e970d0fe90 code [0x000001e970d100a0, 0x000001e970d10788]
Event: 0.131 Thread 0x000001e905e43150  193       3       sun.nio.fs.WindowsPathParser::isInvalidPathChar (22 bytes)
Event: 0.131 Thread 0x000001e905e43150 nmethod 193 0x000001e970d10a10 code [0x000001e970d10bc0, 0x000001e970d10de8]
Event: 0.131 Thread 0x000001e905e43150  195       3       java.util.zip.ZipUtils::SH (21 bytes)
Event: 0.131 Thread 0x000001e905e43150 nmethod 195 0x000001e970d10f10 code [0x000001e970d110c0, 0x000001e970d11208]
Event: 0.131 Thread 0x000001e905e43150  196       3       java.lang.StringCoding::countPositives (33 bytes)
Event: 0.131 Thread 0x000001e905e43150 nmethod 196 0x000001e970d11310 code [0x000001e970d114c0, 0x000001e970d116e8]
Event: 0.131 Thread 0x000001e905e43150  199       3       java.util.zip.ZipUtils::CENEXT (9 bytes)

GC Heap History (0 events):
No events

Dll operation events (4 events):
Event: 0.010 Loaded shared library C:\Program Files\Java\jdk-21\bin\java.dll
Event: 0.050 Loaded shared library C:\Program Files\Java\jdk-21\bin\jsvml.dll
Event: 0.104 Loaded shared library C:\Program Files\Java\jdk-21\bin\net.dll
Event: 0.106 Loaded shared library C:\Program Files\Java\jdk-21\bin\nio.dll

Deoptimization events (0 events):
No events

Classes loaded (20 events):
Event: 0.108 Loading class sun/nio/fs/WindowsDirectoryStream$WindowsDirectoryIterator
Event: 0.108 Loading class sun/nio/fs/WindowsDirectoryStream$WindowsDirectoryIterator done
Event: 0.109 Loading class sun/nio/fs/WindowsPath$WindowsPathWithAttributes
Event: 0.109 Loading class sun/nio/fs/BasicFileAttributesHolder
Event: 0.109 Loading class sun/nio/fs/BasicFileAttributesHolder done
Event: 0.109 Loading class sun/nio/fs/WindowsPath$WindowsPathWithAttributes done
Event: 0.110 Loading class java/nio/file/attribute/FileAttribute
Event: 0.110 Loading class java/nio/file/attribute/FileAttribute done
Event: 0.110 Loading class sun/nio/fs/WindowsSecurityDescriptor
Event: 0.110 Loading class sun/nio/fs/WindowsSecurityDescriptor done
Event: 0.110 Loading class sun/nio/fs/WindowsChannelFactory
Event: 0.110 Loading class sun/nio/fs/WindowsChannelFactory done
Event: 0.110 Loading class sun/nio/fs/WindowsChannelFactory$1
Event: 0.110 Loading class sun/nio/fs/WindowsChannelFactory$1 done
Event: 0.110 Loading class sun/nio/fs/WindowsChannelFactory$Flags
Event: 0.110 Loading class sun/nio/fs/WindowsChannelFactory$Flags done
Event: 0.113 Loading class jdk/internal/module/ModuleReferenceImpl$CachedHash
Event: 0.113 Loading class jdk/internal/module/ModuleReferenceImpl$CachedHash done
Event: 0.129 Loading class sun/nio/cs/UTF_8$Decoder
Event: 0.129 Loading class sun/nio/cs/UTF_8$Decoder done

Classes unloaded (0 events):
No events

Classes redefined (0 events):
No events

Internal exceptions (4 events):
Event: 0.108 Thread 0x000001e96666d370 Exception <a 'sun/nio/fs/WindowsException'{0x000000074d3afbf0}> (0x000000074d3afbf0) 
thrown [s\open\src\hotspot\share\prims\jni.cpp, line 520]
Event: 0.110 Thread 0x000001e96666d370 Exception <a 'sun/nio/fs/WindowsException'{0x000000074d3b4f58}> (0x000000074d3b4f58) 
thrown [s\open\src\hotspot\share\prims\jni.cpp, line 520]
Event: 0.111 Thread 0x000001e96666d370 Exception <a 'sun/nio/fs/WindowsException'{0x000000074d3b5b10}> (0x000000074d3b5b10) 
thrown [s\open\src\hotspot\share\prims\jni.cpp, line 520]
Event: 0.111 Thread 0x000001e96666d370 Exception <a 'sun/nio/fs/WindowsException'{0x000000074d3b7080}> (0x000000074d3b7080) 
thrown [s\open\src\hotspot\share\prims\jni.cpp, line 520]

ZGC Phase Switch (0 events):
No events

VM Operations (2 events):
Event: 0.112 Executing VM operation: HandshakeAllThreads (Deoptimize)
Event: 0.112 Executing VM operation: HandshakeAllThreads (Deoptimize) done

Events (11 events):
Event: 0.028 Thread 0x000001e96666d370 Thread added: 0x000001e96666d370
Event: 0.046 Thread 0x000001e905e2c5c0 Thread added: 0x000001e905e2c5c0
Event: 0.046 Thread 0x000001e905e2d0f0 Thread added: 0x000001e905e2d0f0
Event: 0.047 Thread 0x000001e905e30560 Thread added: 0x000001e905e30560
Event: 0.047 Thread 0x000001e905e30dd0 Thread added: 0x000001e905e30dd0
Event: 0.047 Thread 0x000001e905e33450 Thread added: 0x000001e905e33450
Event: 0.047 Thread 0x000001e905e37ad0 Thread added: 0x000001e905e37ad0
Event: 0.047 Thread 0x000001e905e3a480 Thread added: 0x000001e905e3a480
Event: 0.048 Thread 0x000001e905e43150 Thread added: 0x000001e905e43150
Event: 0.092 Thread 0x000001e905dfb7b0 Thread added: 0x000001e905dfb7b0
Event: 0.128 Thread 0x000001e94b12b8e0 Thread added: 0x000001e94b12b8e0


Dynamic libraries:
0x00007ff7d2900000 - 0x00007ff7d2910000 	C:\Program Files\Java\jdk-21\bin\java.exe
0x00007ff93fa50000 - 0x00007ff93fc66000 	C:\Windows\SYSTEM32\ntdll.dll
0x00007ff93f140000 - 0x00007ff93f204000 	C:\Windows\System32\KERNEL32.DLL
0x00007ff93ce90000 - 0x00007ff93d237000 	C:\Windows\System32\KERNELBASE.dll
0x00007ff93d240000 - 0x00007ff93d351000 	C:\Windows\System32\ucrtbase.dll
0x00007ff935ab0000 - 0x00007ff935ac9000 	C:\Program Files\Java\jdk-21\bin\jli.dll
0x00007ff932f50000 - 0x00007ff932f6b000 	C:\Program Files\Java\jdk-21\bin\VCRUNTIME140.dll
0x00007ff93e3c0000 - 0x00007ff93e472000 	C:\Windows\System32\ADVAPI32.dll
0x00007ff93f640000 - 0x00007ff93f6e7000 	C:\Windows\System32\msvcrt.dll
0x00007ff93e6e0000 - 0x00007ff93e788000 	C:\Windows\System32\sechost.dll
0x00007ff93d6e0000 - 0x00007ff93d708000 	C:\Windows\System32\bcrypt.dll
0x00007ff93e480000 - 0x00007ff93e595000 	C:\Windows\System32\RPCRT4.dll
0x00007ff93ef90000 - 0x00007ff93f13e000 	C:\Windows\System32\USER32.dll
0x00007ff93d4a0000 - 0x00007ff93d4c6000 	C:\Windows\System32\win32u.dll
0x00007ff93e930000 - 0x00007ff93e959000 	C:\Windows\System32\GDI32.dll
0x00007ff93cd70000 - 0x00007ff93ce89000 	C:\Windows\System32\gdi32full.dll
0x00007ff93d4d0000 - 0x00007ff93d56a000 	C:\Windows\System32\msvcp_win.dll
0x00007ff92f260000 - 0x00007ff92f4f3000 	C:\Windows\WinSxS\amd64_microsoft.windows.common-controls_6595b64144ccf1df_6.0.22621.3235_none_270f74e173860f98\COMCTL32.dll
0x00007ff935f40000 - 0x00007ff935f4a000 	C:\Windows\SYSTEM32\VERSION.dll
0x00007ff93f210000 - 0x00007ff93f241000 	C:\Windows\System32\IMM32.DLL
0x00007ff9398f0000 - 0x00007ff9398fc000 	C:\Program Files\Java\jdk-21\bin\vcruntime140_1.dll
0x00007ff905680000 - 0x00007ff90570e000 	C:\Program Files\Java\jdk-21\bin\msvcp140.dll
0x00007ff8deb60000 - 0x00007ff8df877000 	C:\Program Files\Java\jdk-21\bin\server\jvm.dll
0x00007ff93f860000 - 0x00007ff93f8d1000 	C:\Windows\System32\WS2_32.dll
0x00007ff93cc50000 - 0x00007ff93cc9d000 	C:\Windows\SYSTEM32\POWRPROF.dll
0x00007ff9357f0000 - 0x00007ff935824000 	C:\Windows\SYSTEM32\WINMM.dll
0x00007ff93cc20000 - 0x00007ff93cc33000 	C:\Windows\SYSTEM32\UMPDC.dll
0x00007ff93bd10000 - 0x00007ff93bd28000 	C:\Windows\SYSTEM32\kernel.appcore.dll
0x00007ff937de0000 - 0x00007ff937dea000 	C:\Program Files\Java\jdk-21\bin\jimage.dll
0x00007ff93a7e0000 - 0x00007ff93aa13000 	C:\Windows\SYSTEM32\DBGHELP.DLL
0x00007ff93f2b0000 - 0x00007ff93f638000 	C:\Windows\System32\combase.dll
0x00007ff93f900000 - 0x00007ff93f9d7000 	C:\Windows\System32\OLEAUT32.dll
0x00007ff936e20000 - 0x00007ff936e52000 	C:\Windows\SYSTEM32\dbgcore.DLL
0x00007ff93d420000 - 0x00007ff93d499000 	C:\Windows\System32\bcryptPrimitives.dll
0x00007ff9316e0000 - 0x00007ff9316ff000 	C:\Program Files\Java\jdk-21\bin\java.dll
0x00007ff93d7f0000 - 0x00007ff93e04c000 	C:\Windows\System32\SHELL32.dll
0x00007ff93ac80000 - 0x00007ff93b579000 	C:\Windows\SYSTEM32\windows.storage.dll
0x00007ff93ab40000 - 0x00007ff93ac7e000 	C:\Windows\SYSTEM32\wintypes.dll
0x00007ff93e7b0000 - 0x00007ff93e8a3000 	C:\Windows\System32\SHCORE.dll
0x00007ff93f250000 - 0x00007ff93f2ae000 	C:\Windows\System32\shlwapi.dll
0x00007ff93cca0000 - 0x00007ff93ccc1000 	C:\Windows\SYSTEM32\profapi.dll
0x00007ff8eb9a0000 - 0x00007ff8eba77000 	C:\Program Files\Java\jdk-21\bin\jsvml.dll
0x00007ff9377c0000 - 0x00007ff9377d0000 	C:\Program Files\Java\jdk-21\bin\net.dll
0x00007ff934b90000 - 0x00007ff934cc6000 	C:\Windows\SYSTEM32\WINHTTP.dll
0x00007ff93c1d0000 - 0x00007ff93c239000 	C:\Windows\system32\mswsock.dll
0x00007ff92e940000 - 0x00007ff92e956000 	C:\Program Files\Java\jdk-21\bin\nio.dll

dbghelp: loaded successfully - version: 4.0.5 - missing functions: none
symbol engine: initialized successfully - sym options: 0x614 - pdb path: .;C:\Program Files\Java\jdk-21\bin;C:\Windows\SYSTEM32;C:\Windows\WinSxS\amd64_microsoft.windows.common-controls_6595b64144ccf1df_6.0.22621.3235_none_270f74e173860f98;C:\Program Files\Java\jdk-21\bin\server

VM Arguments:
jvm_args: -Dfile.encoding=UTF-8 --module-path=C:\Users\Adithya Abeysekara\Documents\NetBeansProjects\Thalathuoya Guest House\build\classes 
java_command: thalathuoya.guest.house.Employee
java_class_path (initial): C:\Users\Adithya Abeysekara\Desktop\mysql-connector-j-8.3.0.jar;C:\Users\Adithya Abeysekara\Documents\NetBeansProjects\Thalathuoya Guest House\build\classes
Launcher Type: SUN_STANDARD

[Global flags]
     intx CICompilerCount                          = 3                                         {product} {ergonomic}
     uint ConcGCThreads                            = 1                                         {product} {ergonomic}
     uint G1ConcRefinementThreads                  = 4                                         {product} {ergonomic}
   size_t G1HeapRegionSize                         = 2097152                                   {product} {ergonomic}
    uintx GCDrainStackTargetSize                   = 64                                        {product} {ergonomic}
   size_t InitialHeapSize                          = 201326592                                 {product} {ergonomic}
   size_t MarkStackSize                            = 4194304                                   {product} {ergonomic}
   size_t MaxHeapSize                              = 3200253952                                {product} {ergonomic}
   size_t MaxNewSize                               = 1918894080                                {product} {ergonomic}
   size_t MinHeapDeltaBytes                        = 2097152                                   {product} {ergonomic}
   size_t MinHeapSize                              = 8388608                                   {product} {ergonomic}
    uintx NonNMethodCodeHeapSize                   = 5832780                                {pd product} {ergonomic}
    uintx NonProfiledCodeHeapSize                  = 122912730                              {pd product} {ergonomic}
    uintx ProfiledCodeHeapSize                     = 122912730                              {pd product} {ergonomic}
    uintx ReservedCodeCacheSize                    = 251658240                              {pd product} {ergonomic}
     bool SegmentedCodeCache                       = true                                      {product} {ergonomic}
   size_t SoftMaxHeapSize                          = 3200253952                             {manageable} {ergonomic}
     bool UseCompressedOops                        = true                           {product lp64_product} {ergonomic}
     bool UseG1GC                                  = true                                      {product} {ergonomic}
     bool UseLargePagesIndividualAllocation        = false                                  {pd product} {ergonomic}

Logging:
Log output configuration:
 #0: stdout all=warning uptime,level,tags foldmultilines=false
 #1: stderr all=off uptime,level,tags foldmultilines=false

Environment Variables:
PATH=C:\Program Files (x86)\VMware\VMware Workstation\bin\;C:\Program Files\Common Files\Oracle\Java\javapath;C:\Windows\system32;C:\Windows;C:\Windows\System32\Wbem;C:\Windows\System32\WindowsPowerShell\v1.0\;C:\Windows\System32\OpenSSH\;C:\Program Files\Git\cmd;C:\Program Files\Cloudflare\Cloudflare WARP\;C:\Program Files\MySQL\MySQL Server 8.0\bin;C:\Program Files\MariaDB\MariaDB Connector C 64-bit\lib\;C:\Program Files\MariaDB\MariaDB Connector C 64-bit\lib\plugin\;C:\Users\Adithya Abeysekara\AppData\Local\Microsoft\WindowsApps;C:\msys64\ucrt64\bin;C:\Users\Adithya Abeysekara\AppData\Local\Programs\Microsoft VS Code\bin;C:\Program Files\JetBrains\IntelliJ IDEA 2024.1\bin;
USERNAME=Adithya Abeysekara
OS=Windows_NT
PROCESSOR_IDENTIFIER=Intel64 Family 6 Model 142 Stepping 9, GenuineIntel
TMP=C:\Users\ADITHY~1\AppData\Local\Temp
TEMP=C:\Users\ADITHY~1\AppData\Local\Temp




Periodic native trim disabled

---------------  S Y S T E M  ---------------

OS:
 Windows 11 , 64 bit Build 22621 (10.0.22621.3374)
OS uptime: 0 days 23:59 hours
Hyper-V role detected

CPU: total 4 (initial active 4) (2 cores per cpu, 2 threads per core) family 6 model 142 stepping 9 microcode 0xde, cx8, cmov, fxsr, ht, mmx, 3dnowpref, sse, sse2, sse3, ssse3, sse4.1, sse4.2, popcnt, lzcnt, tsc, tscinvbit, avx, avx2, aes, erms, clmul, bmi1, bmi2, adx, fma, vzeroupper, clflush, clflushopt, hv, rdtscp, f16c
Processor Information for all 4 processors :
  Max Mhz: 2701, Current Mhz: 2701, Mhz Limit: 2701

Memory: 4k page, system-wide physical 12205M (558M free)
TotalPageFile size 30796M (AvailPageFile size 3M)
current process WorkingSet (physical memory assigned to process): 37M, peak: 37M
current process commit charge ("private bytes"): 266M, peak: 266M

vm_info: Java HotSpot(TM) 64-Bit Server VM (21.0.2+13-LTS-58) for windows-amd64 JRE (21.0.2+13-LTS-58), built on 2024-01-05T18:32:24Z by "mach5one" with MS VC++ 17.1 (VS2022)

END.
