#
# There is insufficient memory for the Java Runtime Environment to continue.
# Native memory allocation (malloc) failed to allocate 146816 bytes for Chunk::new
# Possible reasons:
#   The system is out of physical RAM or swap space
#   The process is running with CompressedOops enabled, and the Java Heap may be blocking the growth of the native heap
# Possible solutions:
#   Reduce memory load on the system
#   Increase physical memory or swap space
#   Check if swap backing store is full
#   Decrease Java heap size (-Xmx/-Xms)
#   Decrease number of Java threads
#   Decrease Java thread stack sizes (-Xss)
#   Set larger code cache with -XX:ReservedCodeCacheSize=
#   JVM is running with Zero Based Compressed Oops mode in which the Java heap is
#     placed in the first 32GB address space. The Java Heap base address is the
#     maximum limit for the native heap growth. Please use -XX:HeapBaseMinAddress
#     to set the Java Heap base and to place the Java Heap above 32GB virtual address.
# This output file may be truncated or incomplete.
#
#  Out of Memory Error (arena.cpp:168), pid=3748, tid=18772
#
# JRE version: Java(TM) SE Runtime Environment (21.0.2+13) (build 21.0.2+13-LTS-58)
# Java VM: Java HotSpot(TM) 64-Bit Server VM (21.0.2+13-LTS-58, mixed mode, sharing, tiered, compressed oops, compressed class ptrs, g1 gc, windows-amd64)
# No core dump will be written. Minidumps are not enabled by default on client versions of Windows
#

---------------  S U M M A R Y ------------

Command Line: -Dfile.encoding=UTF-8 --module-path=C:\Users\Adithya Abeysekara\Documents\NetBeansProjects\Thalathuoya Guest House\build\classes thalathuoya.guest.house.Dashboard

Host: Intel(R) Core(TM) i5-7200U CPU @ 2.50GHz, 4 cores, 11G,  Windows 11 , 64 bit Build 22621 (10.0.22621.3374)
Time: Tue Jun 11 21:46:50 2024 Sri Lanka Standard Time elapsed time: 0.511398 seconds (0d 0h 0m 0s)

---------------  T H R E A D  ---------------

Current thread (0x00000294b96255f0):  JavaThread "C2 CompilerThread0" daemon [_thread_in_native, id=18772, stack(0x00000097a0700000,0x00000097a0800000) (1024K)]


Current CompileTask:
C2:    511  615       4       java.util.HashMap::resize (356 bytes)

Stack: [0x00000097a0700000,0x00000097a0800000]
Native frames: (J=compiled Java code, j=interpreted, Vv=VM code, C=native code)
V  [jvm.dll+0x6cade9]
V  [jvm.dll+0x8569c1]
V  [jvm.dll+0x858d2e]
V  [jvm.dll+0x859413]
V  [jvm.dll+0x280e56]
V  [jvm.dll+0xc3f3d]
V  [jvm.dll+0xc4473]
V  [jvm.dll+0x2f437f]
V  [jvm.dll+0x5f5056]
V  [jvm.dll+0x252d7f]
V  [jvm.dll+0x24b589]
V  [jvm.dll+0x2490a3]
V  [jvm.dll+0x1c9634]
V  [jvm.dll+0x258859]
V  [jvm.dll+0x256e3a]
V  [jvm.dll+0x3ef6c6]
V  [jvm.dll+0x7ff568]
V  [jvm.dll+0x6c953d]
C  [ucrtbase.dll+0x29333]
C  [KERNEL32.DLL+0x1257d]
C  [ntdll.dll+0x5aa48]


---------------  P R O C E S S  ---------------

Threads class SMR info:
_java_thread_list=0x00000294b9b21af0, length=16, elements={
0x000002949a0b07a0, 0x00000294b961ad10, 0x00000294b961c1d0, 0x00000294b9621f20,
0x00000294b9622be0, 0x00000294b9623b80, 0x00000294b9624860, 0x00000294b96255f0,
0x00000294b964c820, 0x00000294b98801c0, 0x00000294b98ecec0, 0x00000294b9a6b310,
0x00000294b9a6f450, 0x00000294b9a71190, 0x00000294b9b13f30, 0x00000294b9b30440
}

Java Threads: ( => current thread )
  0x000002949a0b07a0 JavaThread "main"                              [_thread_blocked, id=22568, stack(0x000000979f900000,0x000000979fa00000) (1024K)]
  0x00000294b961ad10 JavaThread "Reference Handler"          daemon [_thread_blocked, id=8548, stack(0x00000097a0100000,0x00000097a0200000) (1024K)]
  0x00000294b961c1d0 JavaThread "Finalizer"                  daemon [_thread_blocked, id=24812, stack(0x00000097a0200000,0x00000097a0300000) (1024K)]
  0x00000294b9621f20 JavaThread "Signal Dispatcher"          daemon [_thread_blocked, id=23216, stack(0x00000097a0300000,0x00000097a0400000) (1024K)]
  0x00000294b9622be0 JavaThread "Attach Listener"            daemon [_thread_blocked, id=24272, stack(0x00000097a0400000,0x00000097a0500000) (1024K)]
  0x00000294b9623b80 JavaThread "Service Thread"             daemon [_thread_blocked, id=23372, stack(0x00000097a0500000,0x00000097a0600000) (1024K)]
  0x00000294b9624860 JavaThread "Monitor Deflation Thread"   daemon [_thread_blocked, id=21508, stack(0x00000097a0600000,0x00000097a0700000) (1024K)]
=>0x00000294b96255f0 JavaThread "C2 CompilerThread0"         daemon [_thread_in_native, id=18772, stack(0x00000097a0700000,0x00000097a0800000) (1024K)]
  0x00000294b964c820 JavaThread "C1 CompilerThread0"         daemon [_thread_blocked, id=24792, stack(0x00000097a0800000,0x00000097a0900000) (1024K)]
  0x00000294b98801c0 JavaThread "Common-Cleaner"             daemon [_thread_blocked, id=24492, stack(0x00000097a0900000,0x00000097a0a00000) (1024K)]
  0x00000294b98ecec0 JavaThread "Notification Thread"        daemon [_thread_blocked, id=23020, stack(0x00000097a0a00000,0x00000097a0b00000) (1024K)]
  0x00000294b9a6b310 JavaThread "Java2D Disposer"            daemon [_thread_blocked, id=25024, stack(0x00000097a0c00000,0x00000097a0d00000) (1024K)]
  0x00000294b9a6f450 JavaThread "AWT-Shutdown"                      [_thread_blocked, id=12792, stack(0x00000097a0d00000,0x00000097a0e00000) (1024K)]
  0x00000294b9a71190 JavaThread "AWT-Windows"                daemon [_thread_in_native, id=19136, stack(0x00000097a0e00000,0x00000097a0f00000) (1024K)]
  0x00000294b9b13f30 JavaThread "Image Fetcher 0"            daemon [_thread_in_vm, id=24424, stack(0x00000097a0b00000,0x00000097a0c00000) (1024K)]
  0x00000294b9b30440 JavaThread "C2 CompilerThread1"         daemon [_thread_in_native, id=9952, stack(0x00000097a0f00000,0x00000097a1000000) (1024K)]
Total: 16

Other Threads:
  0x00000294b96004f0 VMThread "VM Thread"                           [id=23200, stack(0x00000097a0000000,0x00000097a0100000) (1024K)]
  0x00000294b95e90a0 WatcherThread "VM Periodic Task Thread"        [id=7596, stack(0x000000979ff00000,0x00000097a0000000) (1024K)]
  0x000002949c1bcd30 WorkerThread "GC Thread#0"                     [id=22728, stack(0x000000979fa00000,0x000000979fb00000) (1024K)]
  0x000002949c1c9c80 ConcurrentGCThread "G1 Main Marker"            [id=8028, stack(0x000000979fb00000,0x000000979fc00000) (1024K)]
  0x000002949c1cae20 WorkerThread "G1 Conc#0"                       [id=23656, stack(0x000000979fc00000,0x000000979fd00000) (1024K)]
  0x00000294b94c10a0 ConcurrentGCThread "G1 Refine#0"               [id=22816, stack(0x000000979fd00000,0x000000979fe00000) (1024K)]
  0x00000294b94c1a20 ConcurrentGCThread "G1 Service"                [id=25204, stack(0x000000979fe00000,0x000000979ff00000) (1024K)]
Total: 7

Threads with active compile tasks:
C2 CompilerThread0      699  615       4       java.util.HashMap::resize (356 bytes)
C2 CompilerThread1      700  619       4       java.lang.StringLatin1::hashCode (52 bytes)
Total: 2

VM state: not at safepoint (normal execution)

VM Mutex/Monitor currently owned by a thread:  ([mutex/lock_event])
[0x00007ff8df79ace8] Metaspace_lock - owner thread: 0x00000294b9b13f30

Heap address: 0x0000000741400000, size: 3052 MB, Compressed Oops mode: Zero based, Oop shift amount: 3

CDS archive(s) mapped at: [0x00000294ba000000-0x00000294bac90000-0x00000294bac90000), size 13172736, SharedBaseAddress: 0x00000294ba000000, ArchiveRelocationMode: 1.
Compressed class space mapped at: 0x00000294bb000000-0x00000294fb000000, reserved size: 1073741824
Narrow klass base: 0x00000294ba000000, Narrow klass shift: 0, Narrow klass range: 0x100000000

GC Precious Log:
 CardTable entry size: 512
 Card Set container configuration: InlinePtr #cards 4 size 8 Array Of Cards #cards 16 size 48 Howl #buckets 8 coarsen threshold 3686 Howl Bitmap #cards 512 size 80 coarsen threshold 460 Card regions per heap region 1 cards per card region 4096
 CPUs: 4 total, 4 available
 Memory: 12205M
 Large Page Support: Disabled
 NUMA Support: Disabled
 Compressed Oops: Enabled (Zero based)
 Heap Region Size: 2M
 Heap Min Capacity: 8M
 Heap Initial Capacity: 192M
 Heap Max Capacity: 3052M
 Pre-touch: Disabled
 Parallel Workers: 4
 Concurrent Workers: 1
 Concurrent Refinement Workers: 4
 Periodic GC: Disabled

Heap:
 garbage-first heap   total 196608K, used 6144K [0x0000000741400000, 0x0000000800000000)
  region size 2048K, 4 young (8192K), 0 survivors (0K)
 Metaspace       used 4587K, committed 4736K, reserved 1114112K
  class space    used 479K, committed 576K, reserved 1048576K

Heap Regions: E=young(eden), S=young(survivor), O=old, HS=humongous(starts), HC=humongous(continues), CS=collection set, F=free, TAMS=top-at-mark-start, PB=parsable bottom
|   0|0x0000000741400000, 0x0000000741400000, 0x0000000741600000|  0%| F|  |TAMS 0x0000000741400000| PB 0x0000000741400000| Untracked 
|   1|0x0000000741600000, 0x0000000741600000, 0x0000000741800000|  0%| F|  |TAMS 0x0000000741600000| PB 0x0000000741600000| Untracked 
|   2|0x0000000741800000, 0x0000000741800000, 0x0000000741a00000|  0%| F|  |TAMS 0x0000000741800000| PB 0x0000000741800000| Untracked 
|   3|0x0000000741a00000, 0x0000000741a00000, 0x0000000741c00000|  0%| F|  |TAMS 0x0000000741a00000| PB 0x0000000741a00000| Untracked 
|   4|0x0000000741c00000, 0x0000000741c00000, 0x0000000741e00000|  0%| F|  |TAMS 0x0000000741c00000| PB 0x0000000741c00000| Untracked 
|   5|0x0000000741e00000, 0x0000000741e00000, 0x0000000742000000|  0%| F|  |TAMS 0x0000000741e00000| PB 0x0000000741e00000| Untracked 
|   6|0x0000000742000000, 0x0000000742000000, 0x0000000742200000|  0%| F|  |TAMS 0x0000000742000000| PB 0x0000000742000000| Untracked 
|   7|0x0000000742200000, 0x0000000742200000, 0x0000000742400000|  0%| F|  |TAMS 0x0000000742200000| PB 0x0000000742200000| Untracked 
|   8|0x0000000742400000, 0x0000000742400000, 0x0000000742600000|  0%| F|  |TAMS 0x0000000742400000| PB 0x0000000742400000| Untracked 
|   9|0x0000000742600000, 0x0000000742600000, 0x0000000742800000|  0%| F|  |TAMS 0x0000000742600000| PB 0x0000000742600000| Untracked 
|  10|0x0000000742800000, 0x0000000742800000, 0x0000000742a00000|  0%| F|  |TAMS 0x0000000742800000| PB 0x0000000742800000| Untracked 
|  11|0x0000000742a00000, 0x0000000742a00000, 0x0000000742c00000|  0%| F|  |TAMS 0x0000000742a00000| PB 0x0000000742a00000| Untracked 
|  12|0x0000000742c00000, 0x0000000742c00000, 0x0000000742e00000|  0%| F|  |TAMS 0x0000000742c00000| PB 0x0000000742c00000| Untracked 
|  13|0x0000000742e00000, 0x0000000742e00000, 0x0000000743000000|  0%| F|  |TAMS 0x0000000742e00000| PB 0x0000000742e00000| Untracked 
|  14|0x0000000743000000, 0x0000000743000000, 0x0000000743200000|  0%| F|  |TAMS 0x0000000743000000| PB 0x0000000743000000| Untracked 
|  15|0x0000000743200000, 0x0000000743200000, 0x0000000743400000|  0%| F|  |TAMS 0x0000000743200000| PB 0x0000000743200000| Untracked 
|  16|0x0000000743400000, 0x0000000743400000, 0x0000000743600000|  0%| F|  |TAMS 0x0000000743400000| PB 0x0000000743400000| Untracked 
|  17|0x0000000743600000, 0x0000000743600000, 0x0000000743800000|  0%| F|  |TAMS 0x0000000743600000| PB 0x0000000743600000| Untracked 
|  18|0x0000000743800000, 0x0000000743800000, 0x0000000743a00000|  0%| F|  |TAMS 0x0000000743800000| PB 0x0000000743800000| Untracked 
|  19|0x0000000743a00000, 0x0000000743a00000, 0x0000000743c00000|  0%| F|  |TAMS 0x0000000743a00000| PB 0x0000000743a00000| Untracked 
|  20|0x0000000743c00000, 0x0000000743c00000, 0x0000000743e00000|  0%| F|  |TAMS 0x0000000743c00000| PB 0x0000000743c00000| Untracked 
|  21|0x0000000743e00000, 0x0000000743e00000, 0x0000000744000000|  0%| F|  |TAMS 0x0000000743e00000| PB 0x0000000743e00000| Untracked 
|  22|0x0000000744000000, 0x0000000744000000, 0x0000000744200000|  0%| F|  |TAMS 0x0000000744000000| PB 0x0000000744000000| Untracked 
|  23|0x0000000744200000, 0x0000000744200000, 0x0000000744400000|  0%| F|  |TAMS 0x0000000744200000| PB 0x0000000744200000| Untracked 
|  24|0x0000000744400000, 0x0000000744400000, 0x0000000744600000|  0%| F|  |TAMS 0x0000000744400000| PB 0x0000000744400000| Untracked 
|  25|0x0000000744600000, 0x0000000744600000, 0x0000000744800000|  0%| F|  |TAMS 0x0000000744600000| PB 0x0000000744600000| Untracked 
|  26|0x0000000744800000, 0x0000000744800000, 0x0000000744a00000|  0%| F|  |TAMS 0x0000000744800000| PB 0x0000000744800000| Untracked 
|  27|0x0000000744a00000, 0x0000000744a00000, 0x0000000744c00000|  0%| F|  |TAMS 0x0000000744a00000| PB 0x0000000744a00000| Untracked 
|  28|0x0000000744c00000, 0x0000000744c00000, 0x0000000744e00000|  0%| F|  |TAMS 0x0000000744c00000| PB 0x0000000744c00000| Untracked 
|  29|0x0000000744e00000, 0x0000000744e00000, 0x0000000745000000|  0%| F|  |TAMS 0x0000000744e00000| PB 0x0000000744e00000| Untracked 
|  30|0x0000000745000000, 0x0000000745000000, 0x0000000745200000|  0%| F|  |TAMS 0x0000000745000000| PB 0x0000000745000000| Untracked 
|  31|0x0000000745200000, 0x0000000745200000, 0x0000000745400000|  0%| F|  |TAMS 0x0000000745200000| PB 0x0000000745200000| Untracked 
|  32|0x0000000745400000, 0x0000000745400000, 0x0000000745600000|  0%| F|  |TAMS 0x0000000745400000| PB 0x0000000745400000| Untracked 
|  33|0x0000000745600000, 0x0000000745600000, 0x0000000745800000|  0%| F|  |TAMS 0x0000000745600000| PB 0x0000000745600000| Untracked 
|  34|0x0000000745800000, 0x0000000745800000, 0x0000000745a00000|  0%| F|  |TAMS 0x0000000745800000| PB 0x0000000745800000| Untracked 
|  35|0x0000000745a00000, 0x0000000745a00000, 0x0000000745c00000|  0%| F|  |TAMS 0x0000000745a00000| PB 0x0000000745a00000| Untracked 
|  36|0x0000000745c00000, 0x0000000745c00000, 0x0000000745e00000|  0%| F|  |TAMS 0x0000000745c00000| PB 0x0000000745c00000| Untracked 
|  37|0x0000000745e00000, 0x0000000745e00000, 0x0000000746000000|  0%| F|  |TAMS 0x0000000745e00000| PB 0x0000000745e00000| Untracked 
|  38|0x0000000746000000, 0x0000000746000000, 0x0000000746200000|  0%| F|  |TAMS 0x0000000746000000| PB 0x0000000746000000| Untracked 
|  39|0x0000000746200000, 0x0000000746200000, 0x0000000746400000|  0%| F|  |TAMS 0x0000000746200000| PB 0x0000000746200000| Untracked 
|  40|0x0000000746400000, 0x0000000746400000, 0x0000000746600000|  0%| F|  |TAMS 0x0000000746400000| PB 0x0000000746400000| Untracked 
|  41|0x0000000746600000, 0x0000000746600000, 0x0000000746800000|  0%| F|  |TAMS 0x0000000746600000| PB 0x0000000746600000| Untracked 
|  42|0x0000000746800000, 0x0000000746800000, 0x0000000746a00000|  0%| F|  |TAMS 0x0000000746800000| PB 0x0000000746800000| Untracked 
|  43|0x0000000746a00000, 0x0000000746a00000, 0x0000000746c00000|  0%| F|  |TAMS 0x0000000746a00000| PB 0x0000000746a00000| Untracked 
|  44|0x0000000746c00000, 0x0000000746c00000, 0x0000000746e00000|  0%| F|  |TAMS 0x0000000746c00000| PB 0x0000000746c00000| Untracked 
|  45|0x0000000746e00000, 0x0000000746e00000, 0x0000000747000000|  0%| F|  |TAMS 0x0000000746e00000| PB 0x0000000746e00000| Untracked 
|  46|0x0000000747000000, 0x0000000747000000, 0x0000000747200000|  0%| F|  |TAMS 0x0000000747000000| PB 0x0000000747000000| Untracked 
|  47|0x0000000747200000, 0x0000000747200000, 0x0000000747400000|  0%| F|  |TAMS 0x0000000747200000| PB 0x0000000747200000| Untracked 
|  48|0x0000000747400000, 0x0000000747400000, 0x0000000747600000|  0%| F|  |TAMS 0x0000000747400000| PB 0x0000000747400000| Untracked 
|  49|0x0000000747600000, 0x0000000747600000, 0x0000000747800000|  0%| F|  |TAMS 0x0000000747600000| PB 0x0000000747600000| Untracked 
|  50|0x0000000747800000, 0x0000000747800000, 0x0000000747a00000|  0%| F|  |TAMS 0x0000000747800000| PB 0x0000000747800000| Untracked 
|  51|0x0000000747a00000, 0x0000000747a00000, 0x0000000747c00000|  0%| F|  |TAMS 0x0000000747a00000| PB 0x0000000747a00000| Untracked 
|  52|0x0000000747c00000, 0x0000000747c00000, 0x0000000747e00000|  0%| F|  |TAMS 0x0000000747c00000| PB 0x0000000747c00000| Untracked 
|  53|0x0000000747e00000, 0x0000000747e00000, 0x0000000748000000|  0%| F|  |TAMS 0x0000000747e00000| PB 0x0000000747e00000| Untracked 
|  54|0x0000000748000000, 0x0000000748000000, 0x0000000748200000|  0%| F|  |TAMS 0x0000000748000000| PB 0x0000000748000000| Untracked 
|  55|0x0000000748200000, 0x0000000748200000, 0x0000000748400000|  0%| F|  |TAMS 0x0000000748200000| PB 0x0000000748200000| Untracked 
|  56|0x0000000748400000, 0x0000000748400000, 0x0000000748600000|  0%| F|  |TAMS 0x0000000748400000| PB 0x0000000748400000| Untracked 
|  57|0x0000000748600000, 0x0000000748600000, 0x0000000748800000|  0%| F|  |TAMS 0x0000000748600000| PB 0x0000000748600000| Untracked 
|  58|0x0000000748800000, 0x0000000748800000, 0x0000000748a00000|  0%| F|  |TAMS 0x0000000748800000| PB 0x0000000748800000| Untracked 
|  59|0x0000000748a00000, 0x0000000748a00000, 0x0000000748c00000|  0%| F|  |TAMS 0x0000000748a00000| PB 0x0000000748a00000| Untracked 
|  60|0x0000000748c00000, 0x0000000748c00000, 0x0000000748e00000|  0%| F|  |TAMS 0x0000000748c00000| PB 0x0000000748c00000| Untracked 
|  61|0x0000000748e00000, 0x0000000748e00000, 0x0000000749000000|  0%| F|  |TAMS 0x0000000748e00000| PB 0x0000000748e00000| Untracked 
|  62|0x0000000749000000, 0x0000000749000000, 0x0000000749200000|  0%| F|  |TAMS 0x0000000749000000| PB 0x0000000749000000| Untracked 
|  63|0x0000000749200000, 0x0000000749200000, 0x0000000749400000|  0%| F|  |TAMS 0x0000000749200000| PB 0x0000000749200000| Untracked 
|  64|0x0000000749400000, 0x0000000749400000, 0x0000000749600000|  0%| F|  |TAMS 0x0000000749400000| PB 0x0000000749400000| Untracked 
|  65|0x0000000749600000, 0x0000000749600000, 0x0000000749800000|  0%| F|  |TAMS 0x0000000749600000| PB 0x0000000749600000| Untracked 
|  66|0x0000000749800000, 0x0000000749800000, 0x0000000749a00000|  0%| F|  |TAMS 0x0000000749800000| PB 0x0000000749800000| Untracked 
|  67|0x0000000749a00000, 0x0000000749a00000, 0x0000000749c00000|  0%| F|  |TAMS 0x0000000749a00000| PB 0x0000000749a00000| Untracked 
|  68|0x0000000749c00000, 0x0000000749c00000, 0x0000000749e00000|  0%| F|  |TAMS 0x0000000749c00000| PB 0x0000000749c00000| Untracked 
|  69|0x0000000749e00000, 0x0000000749e00000, 0x000000074a000000|  0%| F|  |TAMS 0x0000000749e00000| PB 0x0000000749e00000| Untracked 
|  70|0x000000074a000000, 0x000000074a000000, 0x000000074a200000|  0%| F|  |TAMS 0x000000074a000000| PB 0x000000074a000000| Untracked 
|  71|0x000000074a200000, 0x000000074a200000, 0x000000074a400000|  0%| F|  |TAMS 0x000000074a200000| PB 0x000000074a200000| Untracked 
|  72|0x000000074a400000, 0x000000074a400000, 0x000000074a600000|  0%| F|  |TAMS 0x000000074a400000| PB 0x000000074a400000| Untracked 
|  73|0x000000074a600000, 0x000000074a600000, 0x000000074a800000|  0%| F|  |TAMS 0x000000074a600000| PB 0x000000074a600000| Untracked 
|  74|0x000000074a800000, 0x000000074a800000, 0x000000074aa00000|  0%| F|  |TAMS 0x000000074a800000| PB 0x000000074a800000| Untracked 
|  75|0x000000074aa00000, 0x000000074aa00000, 0x000000074ac00000|  0%| F|  |TAMS 0x000000074aa00000| PB 0x000000074aa00000| Untracked 
|  76|0x000000074ac00000, 0x000000074ac00000, 0x000000074ae00000|  0%| F|  |TAMS 0x000000074ac00000| PB 0x000000074ac00000| Untracked 
|  77|0x000000074ae00000, 0x000000074ae00000, 0x000000074b000000|  0%| F|  |TAMS 0x000000074ae00000| PB 0x000000074ae00000| Untracked 
|  78|0x000000074b000000, 0x000000074b000000, 0x000000074b200000|  0%| F|  |TAMS 0x000000074b000000| PB 0x000000074b000000| Untracked 
|  79|0x000000074b200000, 0x000000074b200000, 0x000000074b400000|  0%| F|  |TAMS 0x000000074b200000| PB 0x000000074b200000| Untracked 
|  80|0x000000074b400000, 0x000000074b400000, 0x000000074b600000|  0%| F|  |TAMS 0x000000074b400000| PB 0x000000074b400000| Untracked 
|  81|0x000000074b600000, 0x000000074b600000, 0x000000074b800000|  0%| F|  |TAMS 0x000000074b600000| PB 0x000000074b600000| Untracked 
|  82|0x000000074b800000, 0x000000074b800000, 0x000000074ba00000|  0%| F|  |TAMS 0x000000074b800000| PB 0x000000074b800000| Untracked 
|  83|0x000000074ba00000, 0x000000074ba00000, 0x000000074bc00000|  0%| F|  |TAMS 0x000000074ba00000| PB 0x000000074ba00000| Untracked 
|  84|0x000000074bc00000, 0x000000074bc00000, 0x000000074be00000|  0%| F|  |TAMS 0x000000074bc00000| PB 0x000000074bc00000| Untracked 
|  85|0x000000074be00000, 0x000000074be00000, 0x000000074c000000|  0%| F|  |TAMS 0x000000074be00000| PB 0x000000074be00000| Untracked 
|  86|0x000000074c000000, 0x000000074c000000, 0x000000074c200000|  0%| F|  |TAMS 0x000000074c000000| PB 0x000000074c000000| Untracked 
|  87|0x000000074c200000, 0x000000074c200000, 0x000000074c400000|  0%| F|  |TAMS 0x000000074c200000| PB 0x000000074c200000| Untracked 
|  88|0x000000074c400000, 0x000000074c400000, 0x000000074c600000|  0%| F|  |TAMS 0x000000074c400000| PB 0x000000074c400000| Untracked 
|  89|0x000000074c600000, 0x000000074c600000, 0x000000074c800000|  0%| F|  |TAMS 0x000000074c600000| PB 0x000000074c600000| Untracked 
|  90|0x000000074c800000, 0x000000074c800000, 0x000000074ca00000|  0%| F|  |TAMS 0x000000074c800000| PB 0x000000074c800000| Untracked 
|  91|0x000000074ca00000, 0x000000074ca00000, 0x000000074cc00000|  0%| F|  |TAMS 0x000000074ca00000| PB 0x000000074ca00000| Untracked 
|  92|0x000000074cc00000, 0x000000074cc3df28, 0x000000074ce00000| 12%| E|  |TAMS 0x000000074cc00000| PB 0x000000074cc00000| Complete 
|  93|0x000000074ce00000, 0x000000074d000000, 0x000000074d000000|100%| E|CS|TAMS 0x000000074ce00000| PB 0x000000074ce00000| Complete 
|  94|0x000000074d000000, 0x000000074d200000, 0x000000074d200000|100%| E|CS|TAMS 0x000000074d000000| PB 0x000000074d000000| Complete 
|  95|0x000000074d200000, 0x000000074d400000, 0x000000074d400000|100%| E|CS|TAMS 0x000000074d200000| PB 0x000000074d200000| Complete 

Card table byte_map: [0x00000294b3bd0000,0x00000294b41d0000] _byte_map_base: 0x00000294b01c6000

Marking Bits: (CMBitMap*) 0x000002949c1bd330
 Bits: [0x00000294b41d0000, 0x00000294b7180000)

Polling page: 0x000002949b930000

Metaspace:

Usage:
  Non-class:      4.01 MB used.
      Class:    479.07 KB used.
       Both:      4.48 MB used.

Virtual space:
  Non-class space:       64.00 MB reserved,       4.06 MB (  6%) committed,  1 nodes.
      Class space:        1.00 GB reserved,     576.00 KB ( <1%) committed,  1 nodes.
             Both:        1.06 GB reserved,       4.62 MB ( <1%) committed. 

Chunk freelists:
   Non-Class:  11.88 MB
       Class:  15.50 MB
        Both:  27.38 MB

MaxMetaspaceSize: unlimited
CompressedClassSpaceSize: 1.00 GB
Initial GC threshold: 21.00 MB
Current GC threshold: 21.00 MB
CDS: on
 - commit_granule_bytes: 65536.
 - commit_granule_words: 8192.
 - virtual_space_node_default_size: 8388608.
 - enlarge_chunks_in_place: 1.
 - use_allocation_guard: 0.


Internal statistics:

num_allocs_failed_limit: 0.
num_arena_births: 116.
num_arena_deaths: 0.
num_vsnodes_births: 2.
num_vsnodes_deaths: 0.
num_space_committed: 74.
num_space_uncommitted: 0.
num_chunks_returned_to_freelist: 0.
num_chunks_taken_from_freelist: 136.
num_chunk_merges: 0.
num_chunk_splits: 84.
num_chunks_enlarged: 35.
num_inconsistent_stats: 0.

CodeHeap 'non-profiled nmethods': size=120000Kb used=188Kb max_used=188Kb free=119811Kb
 bounds [0x00000294ac0a0000, 0x00000294ac310000, 0x00000294b35d0000]
CodeHeap 'profiled nmethods': size=120000Kb used=1022Kb max_used=1022Kb free=118977Kb
 bounds [0x00000294a45d0000, 0x00000294a4840000, 0x00000294abb00000]
CodeHeap 'non-nmethods': size=5760Kb used=1427Kb max_used=1440Kb free=4332Kb
 bounds [0x00000294abb00000, 0x00000294abd70000, 0x00000294ac0a0000]
 total_blobs=1194 nmethods=676 adapters=423
 compilation: enabled
              stopped_count=0, restarted_count=0
 full_count=0

Compilation events (20 events):
Event: 0.500 Thread 0x00000294b964c820  652       3       sun.util.locale.BaseLocale::hashCode (67 bytes)
Event: 0.500 Thread 0x00000294b964c820 nmethod 652 0x00000294a46bdd10 code [0x00000294a46bdee0, 0x00000294a46be1a0]
Event: 0.500 Thread 0x00000294b964c820  653       3       sun.util.locale.BaseLocale::<init> (76 bytes)
Event: 0.500 Thread 0x00000294b964c820 nmethod 653 0x00000294a46be310 code [0x00000294a46be540, 0x00000294a46beb98]
Event: 0.500 Thread 0x00000294b964c820  654       3       java.lang.ref.SoftReference::<init> (14 bytes)
Event: 0.501 Thread 0x00000294b964c820 nmethod 654 0x00000294a46bed90 code [0x00000294a46bef40, 0x00000294a46bf238]
Event: 0.501 Thread 0x00000294b964c820  655       1       sun.util.locale.LanguageTag::getLanguage (5 bytes)
Event: 0.501 Thread 0x00000294b964c820 nmethod 655 0x00000294ac0cdf10 code [0x00000294ac0ce0a0, 0x00000294ac0ce170]
Event: 0.501 Thread 0x00000294b964c820  656       1       sun.util.locale.LanguageTag::getScript (5 bytes)
Event: 0.501 Thread 0x00000294b964c820 nmethod 656 0x00000294ac0ce210 code [0x00000294ac0ce3a0, 0x00000294ac0ce470]
Event: 0.501 Thread 0x00000294b964c820  657       1       sun.util.locale.LanguageTag::getRegion (5 bytes)
Event: 0.501 Thread 0x00000294b964c820 nmethod 657 0x00000294ac0ce510 code [0x00000294ac0ce6a0, 0x00000294ac0ce770]
Event: 0.501 Thread 0x00000294b964c820  658       1       sun.util.locale.LanguageTag::getPrivateuse (5 bytes)
Event: 0.501 Thread 0x00000294b964c820 nmethod 658 0x00000294ac0ce810 code [0x00000294ac0ce9a0, 0x00000294ac0cea70]
Event: 0.501 Thread 0x00000294b964c820  659   !   3       java.lang.ref.ReferenceQueue::poll (40 bytes)
Event: 0.502 Thread 0x00000294b964c820 nmethod 659 0x00000294a46bf310 code [0x00000294a46bf580, 0x00000294a46c0010]
Event: 0.502 Thread 0x00000294b964c820  660       3       sun.util.locale.StringTokenIterator::nextDelimiter (116 bytes)
Event: 0.503 Thread 0x00000294b964c820 nmethod 660 0x00000294a46c0390 code [0x00000294a46c06c0, 0x00000294a46c1ac8]
Event: 0.503 Thread 0x00000294b964c820  667       3       sun.util.locale.BaseLocale$Key::hashCode (178 bytes)
Event: 0.504 Thread 0x00000294b9b30440  668       4       java.util.Collections::emptyList (4 bytes)

GC Heap History (0 events):
No events

Dll operation events (7 events):
Event: 0.011 Loaded shared library C:\Program Files\Java\jdk-21\bin\java.dll
Event: 0.059 Loaded shared library C:\Program Files\Java\jdk-21\bin\jsvml.dll
Event: 0.115 Loaded shared library C:\Program Files\Java\jdk-21\bin\net.dll
Event: 0.117 Loaded shared library C:\Program Files\Java\jdk-21\bin\nio.dll
Event: 0.155 Loaded shared library C:\Program Files\Java\jdk-21\bin\zip.dll
Event: 0.174 Loaded shared library C:\Program Files\Java\jdk-21\bin\jimage.dll
Event: 0.196 Loaded shared library C:\Program Files\Java\jdk-21\bin\awt.dll

Deoptimization events (4 events):
Event: 0.337 Thread 0x000002949a0b07a0 Uncommon trap: trap_request=0xffffff45 fr.pc=0x00000294ac0b13cc relative=0x0000000000000bec
Event: 0.337 Thread 0x000002949a0b07a0 Uncommon trap: reason=unstable_if action=reinterpret pc=0x00000294ac0b13cc method=java.util.HashMap.putVal(ILjava/lang/Object;Ljava/lang/Object;ZZ)Ljava/lang/Object; @ 81 c2
Event: 0.338 Thread 0x000002949a0b07a0 DEOPT PACKING pc=0x00000294ac0b13cc sp=0x000000979f9fe240
Event: 0.338 Thread 0x000002949a0b07a0 DEOPT UNPACKING pc=0x00000294abb546a2 sp=0x000000979f9fe1f0 mode 2

Classes loaded (20 events):
Event: 0.450 Loading class java/net/FileNameMap done
Event: 0.450 Loading class java/net/URLConnection$1 done
Event: 0.450 Loading class sun/net/www/MimeTable
Event: 0.453 Loading class sun/net/www/MimeTable done
Event: 0.453 Loading class sun/net/www/MimeTable$1
Event: 0.464 Loading class sun/net/www/MimeTable$1 done
Event: 0.464 Loading class sun/net/www/MimeTable$2
Event: 0.464 Loading class sun/net/www/MimeTable$2 done
Event: 0.464 Loading class sun/net/www/MimeTable$DefaultInstanceHolder
Event: 0.464 Loading class sun/net/www/MimeTable$DefaultInstanceHolder done
Event: 0.464 Loading class sun/net/www/MimeTable$DefaultInstanceHolder$1
Event: 0.464 Loading class sun/net/www/MimeTable$DefaultInstanceHolder$1 done
Event: 0.466 Loading class sun/net/www/MimeEntry
Event: 0.466 Loading class sun/net/www/MimeEntry done
Event: 0.486 Loading class sun/util/calendar/ZoneInfoFile$Checksum
Event: 0.486 Loading class sun/util/calendar/ZoneInfoFile$Checksum done
Event: 0.489 Loading class jdk/internal/module/ModulePatcher$PatchedModuleReader
Event: 0.489 Loading class jdk/internal/module/ModulePatcher$PatchedModuleReader done
Event: 0.489 Loading class sun/net/www/protocol/jrt/Handler
Event: 0.489 Loading class sun/net/www/protocol/jrt/Handler done

Classes unloaded (0 events):
No events

Classes redefined (0 events):
No events

Internal exceptions (13 events):
Event: 0.119 Thread 0x000002949a0b07a0 Exception <a 'sun/nio/fs/WindowsException'{0x000000074d3afbf0}> (0x000000074d3afbf0) 
thrown [s\open\src\hotspot\share\prims\jni.cpp, line 520]
Event: 0.122 Thread 0x000002949a0b07a0 Exception <a 'sun/nio/fs/WindowsException'{0x000000074d3b4f58}> (0x000000074d3b4f58) 
thrown [s\open\src\hotspot\share\prims\jni.cpp, line 520]
Event: 0.122 Thread 0x000002949a0b07a0 Exception <a 'sun/nio/fs/WindowsException'{0x000000074d3b5b10}> (0x000000074d3b5b10) 
thrown [s\open\src\hotspot\share\prims\jni.cpp, line 520]
Event: 0.123 Thread 0x000002949a0b07a0 Exception <a 'sun/nio/fs/WindowsException'{0x000000074d3b7080}> (0x000000074d3b7080) 
thrown [s\open\src\hotspot\share\prims\jni.cpp, line 520]
Event: 0.182 Thread 0x000002949a0b07a0 Exception <a 'java/lang/ClassNotFoundException'{0x000000074d07c418}: sun/awt/resources/spi/awtProvider> (0x000000074d07c418) 
thrown [s\open\src\hotspot\share\classfile\systemDictionary.cpp, line 312]
Event: 0.211 Thread 0x000002949a0b07a0 Exception <a 'java/io/FileNotFoundException'{0x000000074d0d16e0}> (0x000000074d0d16e0) 
thrown [s\open\src\hotspot\share\prims\jni.cpp, line 520]
Event: 0.218 Thread 0x000002949a0b07a0 Exception <a 'java/io/FileNotFoundException'{0x000000074d0fb900}> (0x000000074d0fb900) 
thrown [s\open\src\hotspot\share\prims\jni.cpp, line 520]
Event: 0.340 Thread 0x000002949a0b07a0 Exception <a 'java/lang/NoSuchMethodError'{0x000000074ce0c710}: 'void java.lang.invoke.DirectMethodHandle$Holder.invokeSpecial(java.lang.Object, java.lang.Object, java.lang.Object)'> (0x000000074ce0c710) 
thrown [s\open\src\hotspot\share\interpreter\linkResolver.cpp, line 773]
Event: 0.351 Thread 0x000002949a0b07a0 Exception <a 'java/lang/NoSuchMethodError'{0x000000074ce32138}: 'java.lang.Object java.lang.invoke.DirectMethodHandle$Holder.newInvokeSpecial(java.lang.Object, java.lang.Object, java.lang.Object, java.lang.Object, java.lang.Object)'> (0x000000074ce32138) 
thrown [s\open\src\hotspot\share\interpreter\linkResolver.cpp, line 773]
Event: 0.362 Thread 0x000002949a0b07a0 Exception <a 'java/lang/NoSuchMethodError'{0x000000074ce5df18}: 'java.lang.Object java.lang.invoke.DirectMethodHandle$Holder.invokeStatic(java.lang.Object, int, java.lang.Object)'> (0x000000074ce5df18) 
thrown [s\open\src\hotspot\share\interpreter\linkResolver.cpp, line 773]
Event: 0.395 Thread 0x000002949a0b07a0 Exception <a 'java/lang/ClassNotFoundException'{0x000000074cefd630}: com/sun/swing/internal/plaf/metal/resources/spi/metalProvider> (0x000000074cefd630) 
thrown [s\open\src\hotspot\share\classfile\systemDictionary.cpp, line 312]
Event: 0.396 Thread 0x000002949a0b07a0 Exception <a 'java/lang/ClassNotFoundException'{0x000000074cf01540}: com/sun/swing/internal/plaf/basic/resources/spi/basicProvider> (0x000000074cf01540) 
thrown [s\open\src\hotspot\share\classfile\systemDictionary.cpp, line 312]
Event: 0.411 Thread 0x000002949a0b07a0 Exception <a 'java/lang/NoSuchMethodError'{0x000000074cf206c8}: 'int java.lang.invoke.Invokers$Holder.invokeExact_MT(java.lang.Object, java.lang.Object)'> (0x000000074cf206c8) 
thrown [s\open\src\hotspot\share\interpreter\linkResolver.cpp, line 773]

ZGC Phase Switch (0 events):
No events

VM Operations (4 events):
Event: 0.124 Executing VM operation: HandshakeAllThreads (Deoptimize)
Event: 0.124 Executing VM operation: HandshakeAllThreads (Deoptimize) done
Event: 0.229 Executing VM operation: HandshakeAllThreads (Deoptimize)
Event: 0.229 Executing VM operation: HandshakeAllThreads (Deoptimize) done

Events (18 events):
Event: 0.032 Thread 0x000002949a0b07a0 Thread added: 0x000002949a0b07a0
Event: 0.056 Thread 0x00000294b961ad10 Thread added: 0x00000294b961ad10
Event: 0.056 Thread 0x00000294b961c1d0 Thread added: 0x00000294b961c1d0
Event: 0.057 Thread 0x00000294b9621f20 Thread added: 0x00000294b9621f20
Event: 0.057 Thread 0x00000294b9622be0 Thread added: 0x00000294b9622be0
Event: 0.057 Thread 0x00000294b9623b80 Thread added: 0x00000294b9623b80
Event: 0.057 Thread 0x00000294b9624860 Thread added: 0x00000294b9624860
Event: 0.057 Thread 0x00000294b96255f0 Thread added: 0x00000294b96255f0
Event: 0.060 Thread 0x00000294b964c820 Thread added: 0x00000294b964c820
Event: 0.102 Thread 0x00000294b98801c0 Thread added: 0x00000294b98801c0
Event: 0.141 Thread 0x00000294b98ecec0 Thread added: 0x00000294b98ecec0
Event: 0.152 Thread 0x00000294b993ef80 Thread added: 0x00000294b993ef80
Event: 0.287 Thread 0x00000294b9a6b310 Thread added: 0x00000294b9a6b310
Event: 0.290 Thread 0x00000294b9a6f450 Thread added: 0x00000294b9a6f450
Event: 0.293 Thread 0x00000294b9a71190 Thread added: 0x00000294b9a71190
Event: 0.306 Thread 0x00000294b993ef80 Thread exited: 0x00000294b993ef80
Event: 0.442 Thread 0x00000294b9b13f30 Thread added: 0x00000294b9b13f30
Event: 0.503 Thread 0x00000294b9b30440 Thread added: 0x00000294b9b30440


Dynamic libraries:
0x00007ff7d2900000 - 0x00007ff7d2910000 	C:\Program Files\Java\jdk-21\bin\java.exe
0x00007ff93fa50000 - 0x00007ff93fc66000 	C:\Windows\SYSTEM32\ntdll.dll
0x00007ff93f140000 - 0x00007ff93f204000 	C:\Windows\System32\KERNEL32.DLL
0x00007ff93ce90000 - 0x00007ff93d237000 	C:\Windows\System32\KERNELBASE.dll
0x00007ff93d240000 - 0x00007ff93d351000 	C:\Windows\System32\ucrtbase.dll
0x00007ff932f50000 - 0x00007ff932f6b000 	C:\Program Files\Java\jdk-21\bin\VCRUNTIME140.dll
0x00007ff935ab0000 - 0x00007ff935ac9000 	C:\Program Files\Java\jdk-21\bin\jli.dll
0x00007ff93e3c0000 - 0x00007ff93e472000 	C:\Windows\System32\ADVAPI32.dll
0x00007ff93f640000 - 0x00007ff93f6e7000 	C:\Windows\System32\msvcrt.dll
0x00007ff93e6e0000 - 0x00007ff93e788000 	C:\Windows\System32\sechost.dll
0x00007ff93d6e0000 - 0x00007ff93d708000 	C:\Windows\System32\bcrypt.dll
0x00007ff93e480000 - 0x00007ff93e595000 	C:\Windows\System32\RPCRT4.dll
0x00007ff93ef90000 - 0x00007ff93f13e000 	C:\Windows\System32\USER32.dll
0x00007ff93d4a0000 - 0x00007ff93d4c6000 	C:\Windows\System32\win32u.dll
0x00007ff93e930000 - 0x00007ff93e959000 	C:\Windows\System32\GDI32.dll
0x00007ff93cd70000 - 0x00007ff93ce89000 	C:\Windows\System32\gdi32full.dll
0x00007ff93d4d0000 - 0x00007ff93d56a000 	C:\Windows\System32\msvcp_win.dll
0x00007ff92f260000 - 0x00007ff92f4f3000 	C:\Windows\WinSxS\amd64_microsoft.windows.common-controls_6595b64144ccf1df_6.0.22621.3235_none_270f74e173860f98\COMCTL32.dll
0x00007ff935f40000 - 0x00007ff935f4a000 	C:\Windows\SYSTEM32\VERSION.dll
0x00007ff93f210000 - 0x00007ff93f241000 	C:\Windows\System32\IMM32.DLL
0x00007ff9398f0000 - 0x00007ff9398fc000 	C:\Program Files\Java\jdk-21\bin\vcruntime140_1.dll
0x00007ff905680000 - 0x00007ff90570e000 	C:\Program Files\Java\jdk-21\bin\msvcp140.dll
0x00007ff8deb60000 - 0x00007ff8df877000 	C:\Program Files\Java\jdk-21\bin\server\jvm.dll
0x00007ff93f860000 - 0x00007ff93f8d1000 	C:\Windows\System32\WS2_32.dll
0x00007ff93cc50000 - 0x00007ff93cc9d000 	C:\Windows\SYSTEM32\POWRPROF.dll
0x00007ff9357f0000 - 0x00007ff935824000 	C:\Windows\SYSTEM32\WINMM.dll
0x00007ff93cc20000 - 0x00007ff93cc33000 	C:\Windows\SYSTEM32\UMPDC.dll
0x00007ff93bd10000 - 0x00007ff93bd28000 	C:\Windows\SYSTEM32\kernel.appcore.dll
0x00007ff937de0000 - 0x00007ff937dea000 	C:\Program Files\Java\jdk-21\bin\jimage.dll
0x00007ff93a7e0000 - 0x00007ff93aa13000 	C:\Windows\SYSTEM32\DBGHELP.DLL
0x00007ff93f2b0000 - 0x00007ff93f638000 	C:\Windows\System32\combase.dll
0x00007ff93f900000 - 0x00007ff93f9d7000 	C:\Windows\System32\OLEAUT32.dll
0x00007ff936e20000 - 0x00007ff936e52000 	C:\Windows\SYSTEM32\dbgcore.DLL
0x00007ff93d420000 - 0x00007ff93d499000 	C:\Windows\System32\bcryptPrimitives.dll
0x00007ff9316e0000 - 0x00007ff9316ff000 	C:\Program Files\Java\jdk-21\bin\java.dll
0x00007ff93d7f0000 - 0x00007ff93e04c000 	C:\Windows\System32\SHELL32.dll
0x00007ff93ac80000 - 0x00007ff93b579000 	C:\Windows\SYSTEM32\windows.storage.dll
0x00007ff93ab40000 - 0x00007ff93ac7e000 	C:\Windows\SYSTEM32\wintypes.dll
0x00007ff93e7b0000 - 0x00007ff93e8a3000 	C:\Windows\System32\SHCORE.dll
0x00007ff93f250000 - 0x00007ff93f2ae000 	C:\Windows\System32\shlwapi.dll
0x00007ff93cca0000 - 0x00007ff93ccc1000 	C:\Windows\SYSTEM32\profapi.dll
0x00007ff8eb9a0000 - 0x00007ff8eba77000 	C:\Program Files\Java\jdk-21\bin\jsvml.dll
0x00007ff9377c0000 - 0x00007ff9377d0000 	C:\Program Files\Java\jdk-21\bin\net.dll
0x00007ff934b90000 - 0x00007ff934cc6000 	C:\Windows\SYSTEM32\WINHTTP.dll
0x00007ff93c1d0000 - 0x00007ff93c239000 	C:\Windows\system32\mswsock.dll
0x00007ff92e940000 - 0x00007ff92e956000 	C:\Program Files\Java\jdk-21\bin\nio.dll
0x00007ff92e3c0000 - 0x00007ff92e3d8000 	C:\Program Files\Java\jdk-21\bin\zip.dll
0x00007ff8ea1e0000 - 0x00007ff8ea36f000 	C:\Program Files\Java\jdk-21\bin\awt.dll
0x00007ff9399a0000 - 0x00007ff939a37000 	C:\Windows\SYSTEM32\apphelp.dll
0x00007ff93a2e0000 - 0x00007ff93a30b000 	C:\Windows\system32\DWMAPI.DLL
0x00007ff939db0000 - 0x00007ff939e5b000 	C:\Windows\system32\uxtheme.dll
0x00007ff91c2b0000 - 0x00007ff91c3b0000 	C:\Windows\system32\opengl32.dll
0x00007ff931500000 - 0x00007ff93152d000 	C:\Windows\SYSTEM32\GLU32.dll
0x00007ff93a060000 - 0x00007ff93a099000 	C:\Windows\SYSTEM32\dxcore.dll
0x00007ff93f700000 - 0x00007ff93f853000 	C:\Windows\System32\MSCTF.dll
0x00007ff93ede0000 - 0x00007ff93ef85000 	C:\Windows\System32\ole32.dll

dbghelp: loaded successfully - version: 4.0.5 - missing functions: none
symbol engine: initialized successfully - sym options: 0x614 - pdb path: .;C:\Program Files\Java\jdk-21\bin;C:\Windows\SYSTEM32;C:\Windows\WinSxS\amd64_microsoft.windows.common-controls_6595b64144ccf1df_6.0.22621.3235_none_270f74e173860f98;C:\Program Files\Java\jdk-21\bin\server

VM Arguments:
jvm_args: -Dfile.encoding=UTF-8 --module-path=C:\Users\Adithya Abeysekara\Documents\NetBeansProjects\Thalathuoya Guest House\build\classes 
java_command: thalathuoya.guest.house.Dashboard
java_class_path (initial): C:\Users\Adithya Abeysekara\Desktop\mysql-connector-j-8.3.0.jar;C:\Users\Adithya Abeysekara\Documents\NetBeansProjects\Thalathuoya Guest House\build\classes
Launcher Type: SUN_STANDARD

[Global flags]
     intx CICompilerCount                          = 3                                         {product} {ergonomic}
     uint ConcGCThreads                            = 1                                         {product} {ergonomic}
     uint G1ConcRefinementThreads                  = 4                                         {product} {ergonomic}
   size_t G1HeapRegionSize                         = 2097152                                   {product} {ergonomic}
    uintx GCDrainStackTargetSize                   = 64                                        {product} {ergonomic}
   size_t InitialHeapSize                          = 201326592                                 {product} {ergonomic}
   size_t MarkStackSize                            = 4194304                                   {product} {ergonomic}
   size_t MaxHeapSize                              = 3200253952                                {product} {ergonomic}
   size_t MaxNewSize                               = 1918894080                                {product} {ergonomic}
   size_t MinHeapDeltaBytes                        = 2097152                                   {product} {ergonomic}
   size_t MinHeapSize                              = 8388608                                   {product} {ergonomic}
    uintx NonNMethodCodeHeapSize                   = 5832780                                {pd product} {ergonomic}
    uintx NonProfiledCodeHeapSize                  = 122912730                              {pd product} {ergonomic}
    uintx ProfiledCodeHeapSize                     = 122912730                              {pd product} {ergonomic}
    uintx ReservedCodeCacheSize                    = 251658240                              {pd product} {ergonomic}
     bool SegmentedCodeCache                       = true                                      {product} {ergonomic}
   size_t SoftMaxHeapSize                          = 3200253952                             {manageable} {ergonomic}
     bool UseCompressedOops                        = true                           {product lp64_product} {ergonomic}
     bool UseG1GC                                  = true                                      {product} {ergonomic}
     bool UseLargePagesIndividualAllocation        = false                                  {pd product} {ergonomic}

Logging:
Log output configuration:
 #0: stdout all=warning uptime,level,tags foldmultilines=false
 #1: stderr all=off uptime,level,tags foldmultilines=false

Environment Variables:
PATH=C:\Program Files (x86)\VMware\VMware Workstation\bin\;C:\Program Files\Common Files\Oracle\Java\javapath;C:\Windows\system32;C:\Windows;C:\Windows\System32\Wbem;C:\Windows\System32\WindowsPowerShell\v1.0\;C:\Windows\System32\OpenSSH\;C:\Program Files\Git\cmd;C:\Program Files\Cloudflare\Cloudflare WARP\;C:\Program Files\MySQL\MySQL Server 8.0\bin;C:\Program Files\MariaDB\MariaDB Connector C 64-bit\lib\;C:\Program Files\MariaDB\MariaDB Connector C 64-bit\lib\plugin\;C:\Users\Adithya Abeysekara\AppData\Local\Microsoft\WindowsApps;C:\msys64\ucrt64\bin;C:\Users\Adithya Abeysekara\AppData\Local\Programs\Microsoft VS Code\bin;C:\Program Files\JetBrains\IntelliJ IDEA 2024.1\bin;
USERNAME=Adithya Abeysekara
OS=Windows_NT
PROCESSOR_IDENTIFIER=Intel64 Family 6 Model 142 Stepping 9, GenuineIntel
TMP=C:\Users\ADITHY~1\AppData\Local\Temp
TEMP=C:\Users\ADITHY~1\AppData\Local\Temp




Periodic native trim disabled

---------------  S Y S T E M  ---------------

OS:
 Windows 11 , 64 bit Build 22621 (10.0.22621.3374)
OS uptime: 0 days 23:59 hours
Hyper-V role detected

CPU: total 4 (initial active 4) (2 cores per cpu, 2 threads per core) family 6 model 142 stepping 9 microcode 0xde, cx8, cmov, fxsr, ht, mmx, 3dnowpref, sse, sse2, sse3, ssse3, sse4.1, sse4.2, popcnt, lzcnt, tsc, tscinvbit, avx, avx2, aes, erms, clmul, bmi1, bmi2, adx, fma, vzeroupper, clflush, clflushopt, hv, rdtscp, f16c
Processor Information for all 4 processors :
  Max Mhz: 2701, Current Mhz: 2701, Mhz Limit: 2701

Memory: 4k page, system-wide physical 12205M (568M free)
TotalPageFile size 30796M (AvailPageFile size 14M)
current process WorkingSet (physical memory assigned to process): 51M, peak: 51M
current process commit charge ("private bytes"): 273M, peak: 273M

vm_info: Java HotSpot(TM) 64-Bit Server VM (21.0.2+13-LTS-58) for windows-amd64 JRE (21.0.2+13-LTS-58), built on 2024-01-05T18:32:24Z by "mach5one" with MS VC++ 17.1 (VS2022)

END.
